{"/home/travis/build/npmtest/node-npmtest-svg-sprite/test.js":{"path":"/home/travis/build/npmtest/node-npmtest-svg-sprite/test.js","s":{"1":2,"2":2,"3":2,"4":2,"5":2,"6":2,"7":2,"8":1,"9":2,"10":2,"11":1,"12":1,"13":1,"14":1,"15":2,"16":2,"17":2,"18":2,"19":1,"20":1,"21":2,"22":2,"23":2,"24":1,"25":1,"26":1,"27":1,"28":1,"29":1,"30":1,"31":1,"32":1,"33":1,"34":1,"35":1,"36":1,"37":2,"38":2,"39":1,"40":2,"41":2,"42":1,"43":2,"44":2,"45":1,"46":2,"47":2,"48":1,"49":1,"50":1,"51":1,"52":1},"b":{"1":[2,1,1,1],"2":[1,1,1,1],"3":[1,1],"4":[1,1],"5":[1,1],"6":[1,1],"7":[1,1],"8":[1,1],"9":[1,1,1],"10":[1,1],"11":[1,1],"12":[1,1],"13":[1,1],"14":[1,1],"15":[1,1],"16":[1,1]},"f":{"1":2,"2":2,"3":2,"4":2,"5":2,"6":1,"7":1,"8":2,"9":2,"10":2,"11":2,"12":1},"fnMap":{"1":{"name":"(anonymous_1)","line":12,"loc":{"start":{"line":12,"column":1},"end":{"line":12,"column":13}}},"2":{"name":"(anonymous_2)","line":19,"loc":{"start":{"line":19,"column":5},"end":{"line":19,"column":17}}},"3":{"name":"(anonymous_3)","line":23,"loc":{"start":{"line":23,"column":24},"end":{"line":23,"column":36}}},"4":{"name":"(anonymous_4)","line":61,"loc":{"start":{"line":61,"column":5},"end":{"line":61,"column":17}}},"5":{"name":"(anonymous_5)","line":82,"loc":{"start":{"line":82,"column":5},"end":{"line":82,"column":17}}},"6":{"name":"(anonymous_6)","line":102,"loc":{"start":{"line":102,"column":83},"end":{"line":105,"column":10}},"skip":true},"7":{"name":"(anonymous_7)","line":113,"loc":{"start":{"line":113,"column":77},"end":{"line":116,"column":10}},"skip":true},"8":{"name":"(anonymous_8)","line":129,"loc":{"start":{"line":129,"column":12},"end":{"line":129,"column":40}},"skip":true},"9":{"name":"(anonymous_9)","line":137,"loc":{"start":{"line":137,"column":77},"end":{"line":140,"column":10}},"skip":true},"10":{"name":"(anonymous_10)","line":148,"loc":{"start":{"line":148,"column":83},"end":{"line":151,"column":10}},"skip":true},"11":{"name":"(anonymous_11)","line":159,"loc":{"start":{"line":159,"column":79},"end":{"line":162,"column":10}},"skip":true},"12":{"name":"(anonymous_12)","line":170,"loc":{"start":{"line":170,"column":75},"end":{"line":173,"column":10}},"skip":true}},"statementMap":{"1":{"start":{"line":12,"column":0},"end":{"line":185,"column":5}},"2":{"start":{"line":14,"column":4},"end":{"line":14,"column":14}},"3":{"start":{"line":19,"column":4},"end":{"line":56,"column":9}},"4":{"start":{"line":21,"column":8},"end":{"line":21,"column":19}},"5":{"start":{"line":23,"column":8},"end":{"line":35,"column":13}},"6":{"start":{"line":24,"column":12},"end":{"line":34,"column":13}},"7":{"start":{"line":25,"column":16},"end":{"line":28,"column":30}},"8":{"start":{"line":30,"column":16},"end":{"line":33,"column":27}},"9":{"start":{"line":37,"column":8},"end":{"line":39,"column":21}},"10":{"start":{"line":40,"column":8},"end":{"line":53,"column":9}},"11":{"start":{"line":43,"column":12},"end":{"line":46,"column":14}},"12":{"start":{"line":47,"column":12},"end":{"line":47,"column":18}},"13":{"start":{"line":50,"column":12},"end":{"line":51,"column":46}},"14":{"start":{"line":52,"column":12},"end":{"line":52,"column":18}},"15":{"start":{"line":55,"column":8},"end":{"line":55,"column":35}},"16":{"start":{"line":61,"column":4},"end":{"line":63,"column":9}},"17":{"start":{"line":62,"column":8},"end":{"line":62,"column":15}},"18":{"start":{"line":64,"column":4},"end":{"line":77,"column":5}},"19":{"start":{"line":70,"column":8},"end":{"line":70,"column":14}},"20":{"start":{"line":76,"column":8},"end":{"line":76,"column":14}},"21":{"start":{"line":82,"column":4},"end":{"line":84,"column":9}},"22":{"start":{"line":83,"column":8},"end":{"line":83,"column":15}},"23":{"start":{"line":85,"column":4},"end":{"line":184,"column":5}},"24":{"start":{"line":92,"column":8},"end":{"line":94,"column":63}},"25":{"start":{"line":95,"column":8},"end":{"line":95,"column":14}},"26":{"start":{"line":102,"column":8},"end":{"line":111,"column":10},"skip":true},"27":{"start":{"line":109,"column":12},"end":{"line":109,"column":55},"skip":true},"28":{"start":{"line":110,"column":12},"end":{"line":110,"column":48},"skip":true},"29":{"start":{"line":113,"column":8},"end":{"line":126,"column":10},"skip":true},"30":{"start":{"line":120,"column":12},"end":{"line":120,"column":76},"skip":true},"31":{"start":{"line":121,"column":12},"end":{"line":121,"column":73},"skip":true},"32":{"start":{"line":122,"column":12},"end":{"line":122,"column":74},"skip":true},"33":{"start":{"line":123,"column":12},"end":{"line":123,"column":79},"skip":true},"34":{"start":{"line":124,"column":12},"end":{"line":124,"column":25},"skip":true},"35":{"start":{"line":125,"column":12},"end":{"line":125,"column":45},"skip":true},"36":{"start":{"line":128,"column":8},"end":{"line":135,"column":14},"skip":true},"37":{"start":{"line":133,"column":16},"end":{"line":133,"column":29},"skip":true},"38":{"start":{"line":134,"column":16},"end":{"line":134,"column":55},"skip":true},"39":{"start":{"line":137,"column":8},"end":{"line":146,"column":10},"skip":true},"40":{"start":{"line":144,"column":12},"end":{"line":144,"column":25},"skip":true},"41":{"start":{"line":145,"column":12},"end":{"line":145,"column":45},"skip":true},"42":{"start":{"line":148,"column":8},"end":{"line":157,"column":10},"skip":true},"43":{"start":{"line":155,"column":12},"end":{"line":155,"column":25},"skip":true},"44":{"start":{"line":156,"column":12},"end":{"line":156,"column":48},"skip":true},"45":{"start":{"line":159,"column":8},"end":{"line":168,"column":10},"skip":true},"46":{"start":{"line":166,"column":12},"end":{"line":166,"column":25},"skip":true},"47":{"start":{"line":167,"column":12},"end":{"line":167,"column":46},"skip":true},"48":{"start":{"line":170,"column":8},"end":{"line":179,"column":10},"skip":true},"49":{"start":{"line":177,"column":12},"end":{"line":177,"column":94},"skip":true},"50":{"start":{"line":178,"column":12},"end":{"line":178,"column":48},"skip":true},"51":{"start":{"line":182,"column":8},"end":{"line":182,"column":35},"skip":true},"52":{"start":{"line":183,"column":8},"end":{"line":183,"column":14},"skip":true}},"branchMap":{"1":{"line":25,"type":"binary-expr","locations":[{"start":{"line":25,"column":23},"end":{"line":25,"column":62}},{"start":{"line":26,"column":20},"end":{"line":26,"column":70}},{"start":{"line":27,"column":20},"end":{"line":27,"column":71}},{"start":{"line":28,"column":20},"end":{"line":28,"column":29}}]},"2":{"line":30,"type":"binary-expr","locations":[{"start":{"line":30,"column":23},"end":{"line":30,"column":37}},{"start":{"line":31,"column":20},"end":{"line":31,"column":61}},{"start":{"line":32,"column":20},"end":{"line":32,"column":70}},{"start":{"line":33,"column":20},"end":{"line":33,"column":26}}]},"3":{"line":37,"type":"cond-expr","locations":[{"start":{"line":38,"column":14},"end":{"line":38,"column":20}},{"start":{"line":39,"column":14},"end":{"line":39,"column":20}}]},"4":{"line":40,"type":"switch","locations":[{"start":{"line":42,"column":8},"end":{"line":47,"column":18}},{"start":{"line":49,"column":8},"end":{"line":52,"column":18}}]},"5":{"line":44,"type":"binary-expr","locations":[{"start":{"line":44,"column":16},"end":{"line":44,"column":44}},{"start":{"line":44,"column":48},"end":{"line":44,"column":66}}]},"6":{"line":50,"type":"binary-expr","locations":[{"start":{"line":50,"column":21},"end":{"line":50,"column":49}},{"start":{"line":50,"column":53},"end":{"line":50,"column":72}}]},"7":{"line":64,"type":"switch","locations":[{"start":{"line":69,"column":4},"end":{"line":70,"column":14}},{"start":{"line":75,"column":4},"end":{"line":76,"column":14}}]},"8":{"line":85,"type":"switch","locations":[{"start":{"line":90,"column":4},"end":{"line":95,"column":14}},{"start":{"line":101,"column":4},"end":{"line":183,"column":14},"skip":true}]},"9":{"line":92,"type":"binary-expr","locations":[{"start":{"line":92,"column":18},"end":{"line":92,"column":32}},{"start":{"line":93,"column":12},"end":{"line":93,"column":53}},{"start":{"line":94,"column":12},"end":{"line":94,"column":61}}]},"10":{"line":102,"type":"binary-expr","locations":[{"start":{"line":102,"column":45},"end":{"line":102,"column":79},"skip":true},{"start":{"line":102,"column":83},"end":{"line":111,"column":9},"skip":true}]},"11":{"line":113,"type":"binary-expr","locations":[{"start":{"line":113,"column":42},"end":{"line":113,"column":73},"skip":true},{"start":{"line":113,"column":77},"end":{"line":126,"column":9},"skip":true}]},"12":{"line":128,"type":"binary-expr","locations":[{"start":{"line":128,"column":48},"end":{"line":128,"column":85},"skip":true},{"start":{"line":129,"column":12},"end":{"line":135,"column":13},"skip":true}]},"13":{"line":137,"type":"binary-expr","locations":[{"start":{"line":137,"column":42},"end":{"line":137,"column":73},"skip":true},{"start":{"line":137,"column":77},"end":{"line":146,"column":9},"skip":true}]},"14":{"line":148,"type":"binary-expr","locations":[{"start":{"line":148,"column":45},"end":{"line":148,"column":79},"skip":true},{"start":{"line":148,"column":83},"end":{"line":157,"column":9},"skip":true}]},"15":{"line":159,"type":"binary-expr","locations":[{"start":{"line":159,"column":43},"end":{"line":159,"column":75},"skip":true},{"start":{"line":159,"column":79},"end":{"line":168,"column":9},"skip":true}]},"16":{"line":170,"type":"binary-expr","locations":[{"start":{"line":170,"column":41},"end":{"line":170,"column":71},"skip":true},{"start":{"line":170,"column":75},"end":{"line":179,"column":9},"skip":true}]}},"code":["/* istanbul instrument in package npmtest_svg_sprite */","/*jslint","    bitwise: true,","    browser: true,","    maxerr: 8,","    maxlen: 96,","    node: true,","    nomen: true,","    regexp: true,","    stupid: true","*/","(function () {","    'use strict';","    var local;","","","","    // run shared js-env code - pre-init","    (function () {","        // init local","        local = {};","        // init modeJs","        local.modeJs = (function () {","            try {","                return typeof navigator.userAgent === 'string' &&","                    typeof document.querySelector('body') === 'object' &&","                    typeof XMLHttpRequest.prototype.open === 'function' &&","                    'browser';","            } catch (errorCaughtBrowser) {","                return module.exports &&","                    typeof process.versions.node === 'string' &&","                    typeof require('http').createServer === 'function' &&","                    'node';","            }","        }());","        // init global","        local.global = local.modeJs === 'browser'","            ? window","            : global;","        switch (local.modeJs) {","        // re-init local from window.local","        case 'browser':","            local = local.global.utility2.objectSetDefault(","                local.global.utility2_rollup || local.global.local,","                local.global.utility2","            );","            break;","        // re-init local from example.js","        case 'node':","            local = (local.global.utility2_rollup || require('utility2'))","                .requireExampleJsFromReadme();","            break;","        }","        // export local","        local.global.local = local;","    }());","","","","    // run shared js-env code - function","    (function () {","        return;","    }());","    switch (local.modeJs) {","","","","    // run browser js-env code - function","    case 'browser':","        break;","","","","    // run node js-env code - function","    case 'node':","        break;","    }","","","","    // run shared js-env code - post-init","    (function () {","        return;","    }());","    switch (local.modeJs) {","","","","    // run browser js-env code - post-init","    case 'browser':","        // run tests","        local.nop(local.modeTest &&","            document.querySelector('#testRunButton1') &&","            document.querySelector('#testRunButton1').click());","        break;","","","","    // run node js-env code - post-init","    /* istanbul ignore next */","    case 'node':","        local.testCase_buildApidoc_default = local.testCase_buildApidoc_default || function (","            options,","            onError","        ) {","        /*","         * this function will test buildApidoc's default handling-behavior-behavior","         */","            options = { modulePathList: module.paths };","            local.buildApidoc(options, onError);","        };","","        local.testCase_buildApp_default = local.testCase_buildApp_default || function (","            options,","            onError","        ) {","        /*","         * this function will test buildApp's default handling-behavior-behavior","         */","            local.testCase_buildReadme_default(options, local.onErrorThrow);","            local.testCase_buildLib_default(options, local.onErrorThrow);","            local.testCase_buildTest_default(options, local.onErrorThrow);","            local.testCase_buildCustomOrg_default(options, local.onErrorThrow);","            options = [];","            local.buildApp(options, onError);","        };","","        local.testCase_buildCustomOrg_default = local.testCase_buildCustomOrg_default ||","            function (options, onError) {","            /*","             * this function will test buildCustomOrg's default handling-behavior","             */","                options = {};","                local.buildCustomOrg(options, onError);","            };","","        local.testCase_buildLib_default = local.testCase_buildLib_default || function (","            options,","            onError","        ) {","        /*","         * this function will test buildLib's default handling-behavior","         */","            options = {};","            local.buildLib(options, onError);","        };","","        local.testCase_buildReadme_default = local.testCase_buildReadme_default || function (","            options,","            onError","        ) {","        /*","         * this function will test buildReadme's default handling-behavior-behavior","         */","            options = {};","            local.buildReadme(options, onError);","        };","","        local.testCase_buildTest_default = local.testCase_buildTest_default || function (","            options,","            onError","        ) {","        /*","         * this function will test buildTest's default handling-behavior","         */","            options = {};","            local.buildTest(options, onError);","        };","","        local.testCase_webpage_default = local.testCase_webpage_default || function (","            options,","            onError","        ) {","        /*","         * this function will test webpage's default handling-behavior","         */","            options = { modeCoverageMerge: true, url: local.serverLocalHost + '?modeTest=1' };","            local.browserTest(options, onError);","        };","","        // run test-server","        local.testRunServer(local);","        break;","    }","}());",""],"l":{"12":2,"14":2,"19":2,"21":2,"23":2,"24":2,"25":2,"30":1,"37":2,"40":2,"43":1,"47":1,"50":1,"52":1,"55":2,"61":2,"62":2,"64":2,"70":1,"76":1,"82":2,"83":2,"85":2,"92":1,"95":1,"102":1,"109":1,"110":1,"113":1,"120":1,"121":1,"122":1,"123":1,"124":1,"125":1,"128":1,"133":2,"134":2,"137":1,"144":2,"145":2,"148":1,"155":2,"156":2,"159":1,"166":2,"167":2,"170":1,"177":1,"178":1,"182":1,"183":1}},"/home/travis/build/npmtest/node-npmtest-svg-sprite/lib.npmtest_svg_sprite.js":{"path":"/home/travis/build/npmtest/node-npmtest-svg-sprite/lib.npmtest_svg_sprite.js","s":{"1":2,"2":2,"3":2,"4":2,"5":2,"6":2,"7":2,"8":1,"9":2,"10":2,"11":2,"12":2,"13":1,"14":1,"15":1,"16":1},"b":{"1":[2,1,1,1],"2":[1,1,1,1],"3":[1,1],"4":[2,2],"5":[1,1]},"f":{"1":2,"2":2,"3":2},"fnMap":{"1":{"name":"(anonymous_1)","line":12,"loc":{"start":{"line":12,"column":1},"end":{"line":12,"column":13}}},"2":{"name":"(anonymous_2)","line":19,"loc":{"start":{"line":19,"column":5},"end":{"line":19,"column":17}}},"3":{"name":"(anonymous_3)","line":23,"loc":{"start":{"line":23,"column":24},"end":{"line":23,"column":36}}}},"statementMap":{"1":{"start":{"line":12,"column":0},"end":{"line":53,"column":5}},"2":{"start":{"line":14,"column":4},"end":{"line":14,"column":14}},"3":{"start":{"line":19,"column":4},"end":{"line":52,"column":9}},"4":{"start":{"line":21,"column":8},"end":{"line":21,"column":19}},"5":{"start":{"line":23,"column":8},"end":{"line":35,"column":13}},"6":{"start":{"line":24,"column":12},"end":{"line":34,"column":13}},"7":{"start":{"line":25,"column":16},"end":{"line":28,"column":30}},"8":{"start":{"line":30,"column":16},"end":{"line":33,"column":27}},"9":{"start":{"line":37,"column":8},"end":{"line":39,"column":21}},"10":{"start":{"line":41,"column":8},"end":{"line":41,"column":54}},"11":{"start":{"line":43,"column":8},"end":{"line":43,"column":55}},"12":{"start":{"line":45,"column":8},"end":{"line":51,"column":9}},"13":{"start":{"line":46,"column":12},"end":{"line":46,"column":61}},"14":{"start":{"line":48,"column":12},"end":{"line":48,"column":35}},"15":{"start":{"line":49,"column":12},"end":{"line":49,"column":49}},"16":{"start":{"line":50,"column":12},"end":{"line":50,"column":43}}},"branchMap":{"1":{"line":25,"type":"binary-expr","locations":[{"start":{"line":25,"column":23},"end":{"line":25,"column":62}},{"start":{"line":26,"column":20},"end":{"line":26,"column":70}},{"start":{"line":27,"column":20},"end":{"line":27,"column":71}},{"start":{"line":28,"column":20},"end":{"line":28,"column":29}}]},"2":{"line":30,"type":"binary-expr","locations":[{"start":{"line":30,"column":23},"end":{"line":30,"column":37}},{"start":{"line":31,"column":20},"end":{"line":31,"column":61}},{"start":{"line":32,"column":20},"end":{"line":32,"column":70}},{"start":{"line":33,"column":20},"end":{"line":33,"column":26}}]},"3":{"line":37,"type":"cond-expr","locations":[{"start":{"line":38,"column":14},"end":{"line":38,"column":20}},{"start":{"line":39,"column":14},"end":{"line":39,"column":20}}]},"4":{"line":41,"type":"binary-expr","locations":[{"start":{"line":41,"column":16},"end":{"line":41,"column":44}},{"start":{"line":41,"column":48},"end":{"line":41,"column":53}}]},"5":{"line":45,"type":"if","locations":[{"start":{"line":45,"column":8},"end":{"line":45,"column":8}},{"start":{"line":45,"column":8},"end":{"line":45,"column":8}}]}},"code":["/* istanbul instrument in package npmtest_svg_sprite */","/*jslint","    bitwise: true,","    browser: true,","    maxerr: 8,","    maxlen: 96,","    node: true,","    nomen: true,","    regexp: true,","    stupid: true","*/","(function () {","    'use strict';","    var local;","","","","    // run shared js-env code - pre-init","    (function () {","        // init local","        local = {};","        // init modeJs","        local.modeJs = (function () {","            try {","                return typeof navigator.userAgent === 'string' &&","                    typeof document.querySelector('body') === 'object' &&","                    typeof XMLHttpRequest.prototype.open === 'function' &&","                    'browser';","            } catch (errorCaughtBrowser) {","                return module.exports &&","                    typeof process.versions.node === 'string' &&","                    typeof require('http').createServer === 'function' &&","                    'node';","            }","        }());","        // init global","        local.global = local.modeJs === 'browser'","            ? window","            : global;","        // init utility2_rollup","        local = local.global.utility2_rollup || local;","        // init lib","        local.local = local.npmtest_svg_sprite = local;","        // init exports","        if (local.modeJs === 'browser') {","            local.global.utility2_npmtest_svg_sprite = local;","        } else {","            module.exports = local;","            module.exports.__dirname = __dirname;","            module.exports.module = module;","        }","    }());","}());",""],"l":{"12":2,"14":2,"19":2,"21":2,"23":2,"24":2,"25":2,"30":1,"37":2,"41":2,"43":2,"45":2,"46":1,"48":1,"49":1,"50":1}},"/home/travis/build/npmtest/node-npmtest-svg-sprite/example.js":{"path":"/home/travis/build/npmtest/node-npmtest-svg-sprite/example.js","s":{"1":2,"2":2,"3":2,"4":2,"5":2,"6":2,"7":2,"8":1,"9":2,"10":2,"11":2,"12":2,"13":1,"14":2,"15":2,"16":2,"17":2,"18":2,"19":0,"20":2,"21":1,"22":1,"23":1,"24":1,"25":1,"26":0,"27":0,"28":1,"29":1,"30":2,"31":0,"32":0,"33":0,"34":1,"35":2,"36":2,"37":2,"38":2,"39":2,"40":2,"41":0,"42":2,"43":2,"44":2,"45":1,"46":3,"47":1,"48":1,"49":1,"50":1,"51":1,"52":1,"53":1,"54":1,"55":1,"56":1,"57":0,"58":1,"59":6,"60":6,"61":1,"62":2,"63":0,"64":2,"65":1,"66":1,"67":0,"68":0,"69":0,"70":0,"71":0,"72":0,"73":0,"74":0,"75":0,"76":0,"77":0,"78":0,"79":0,"80":0,"81":0,"82":0,"83":0},"b":{"1":[2,1,1,1],"2":[1,1,1,1],"3":[1,1],"4":[2,2],"5":[1,1],"6":[1,1],"7":[2,0],"8":[2,1,1,1,1,1],"9":[0,2,0],"10":[1,1],"11":[2,1,1],"12":[1,0],"13":[0,2],"14":[2,0,0,0,0,0,0],"15":[0,2],"16":[2,0],"17":[1,1],"18":[0,1],"19":[1,2,0,2],"20":[1,0],"21":[1,1],"22":[0,0],"23":[0,0],"24":[0,0],"25":[0,0],"26":[0,0],"27":[0,0],"28":[0,0]},"f":{"1":2,"2":2,"3":2,"4":2,"5":2,"6":2,"7":2,"8":2,"9":3,"10":1,"11":6,"12":0},"fnMap":{"1":{"name":"(anonymous_1)","line":26,"loc":{"start":{"line":26,"column":1},"end":{"line":26,"column":13}}},"2":{"name":"(anonymous_2)","line":33,"loc":{"start":{"line":33,"column":5},"end":{"line":33,"column":17}}},"3":{"name":"(anonymous_3)","line":37,"loc":{"start":{"line":37,"column":24},"end":{"line":37,"column":36}}},"4":{"name":"(anonymous_4)","line":69,"loc":{"start":{"line":69,"column":31},"end":{"line":69,"column":48}},"skip":true},"5":{"name":"(anonymous_5)","line":78,"loc":{"start":{"line":78,"column":26},"end":{"line":78,"column":45}},"skip":true},"6":{"name":"(anonymous_6)","line":123,"loc":{"start":{"line":123,"column":33},"end":{"line":123,"column":48}},"skip":true},"7":{"name":"(anonymous_7)","line":125,"loc":{"start":{"line":125,"column":27},"end":{"line":125,"column":39}},"skip":true},"8":{"name":"(anonymous_8)","line":133,"loc":{"start":{"line":133,"column":59},"end":{"line":133,"column":74}},"skip":true},"9":{"name":"(anonymous_9)","line":143,"loc":{"start":{"line":143,"column":45},"end":{"line":143,"column":62}},"skip":true},"10":{"name":"(anonymous_10)","line":144,"loc":{"start":{"line":144,"column":73},"end":{"line":144,"column":92}},"skip":true},"11":{"name":"(anonymous_11)","line":272,"loc":{"start":{"line":272,"column":51},"end":{"line":272,"column":77}},"skip":true},"12":{"name":"(anonymous_12)","line":314,"loc":{"start":{"line":314,"column":32},"end":{"line":314,"column":61}},"skip":true}},"statementMap":{"1":{"start":{"line":26,"column":0},"end":{"line":325,"column":5}},"2":{"start":{"line":28,"column":4},"end":{"line":28,"column":14}},"3":{"start":{"line":33,"column":4},"end":{"line":60,"column":9}},"4":{"start":{"line":35,"column":8},"end":{"line":35,"column":19}},"5":{"start":{"line":37,"column":8},"end":{"line":49,"column":13}},"6":{"start":{"line":38,"column":12},"end":{"line":48,"column":13}},"7":{"start":{"line":39,"column":16},"end":{"line":42,"column":30}},"8":{"start":{"line":44,"column":16},"end":{"line":47,"column":27}},"9":{"start":{"line":51,"column":8},"end":{"line":53,"column":21}},"10":{"start":{"line":55,"column":8},"end":{"line":57,"column":45}},"11":{"start":{"line":59,"column":8},"end":{"line":59,"column":35}},"12":{"start":{"line":61,"column":4},"end":{"line":324,"column":5}},"13":{"start":{"line":69,"column":8},"end":{"line":121,"column":10},"skip":true},"14":{"start":{"line":70,"column":12},"end":{"line":88,"column":13},"skip":true},"15":{"start":{"line":76,"column":16},"end":{"line":87,"column":19},"skip":true},"16":{"start":{"line":79,"column":20},"end":{"line":86,"column":21},"skip":true},"17":{"start":{"line":82,"column":24},"end":{"line":82,"column":43},"skip":true},"18":{"start":{"line":83,"column":24},"end":{"line":83,"column":30},"skip":true},"19":{"start":{"line":85,"column":24},"end":{"line":85,"column":49},"skip":true},"20":{"start":{"line":89,"column":12},"end":{"line":107,"column":13},"skip":true},"21":{"start":{"line":92,"column":16},"end":{"line":102,"column":17},"skip":true},"22":{"start":{"line":93,"column":20},"end":{"line":93,"column":86},"skip":true},"23":{"start":{"line":94,"column":20},"end":{"line":95,"column":45},"skip":true},"24":{"start":{"line":96,"column":20},"end":{"line":96,"column":42},"skip":true},"25":{"start":{"line":97,"column":20},"end":{"line":97,"column":48},"skip":true},"26":{"start":{"line":100,"column":20},"end":{"line":100,"column":85},"skip":true},"27":{"start":{"line":101,"column":20},"end":{"line":101,"column":96},"skip":true},"28":{"start":{"line":103,"column":16},"end":{"line":103,"column":22},"skip":true},"29":{"start":{"line":106,"column":16},"end":{"line":106,"column":22},"skip":true},"30":{"start":{"line":108,"column":12},"end":{"line":120,"column":13},"skip":true},"31":{"start":{"line":114,"column":16},"end":{"line":119,"column":17},"skip":true},"32":{"start":{"line":116,"column":20},"end":{"line":116,"column":78},"skip":true},"33":{"start":{"line":118,"column":20},"end":{"line":118,"column":47},"skip":true},"34":{"start":{"line":123,"column":8},"end":{"line":141,"column":11},"skip":true},"35":{"start":{"line":124,"column":12},"end":{"line":124,"column":54},"skip":true},"36":{"start":{"line":125,"column":12},"end":{"line":140,"column":14},"skip":true},"37":{"start":{"line":126,"column":16},"end":{"line":126,"column":28},"skip":true},"38":{"start":{"line":127,"column":16},"end":{"line":127,"column":69},"skip":true},"39":{"start":{"line":128,"column":16},"end":{"line":128,"column":75},"skip":true},"40":{"start":{"line":129,"column":16},"end":{"line":131,"column":17},"skip":true},"41":{"start":{"line":130,"column":20},"end":{"line":130,"column":27},"skip":true},"42":{"start":{"line":133,"column":16},"end":{"line":137,"column":36},"skip":true},"43":{"start":{"line":134,"column":20},"end":{"line":136,"column":55},"skip":true},"44":{"start":{"line":139,"column":16},"end":{"line":139,"column":57},"skip":true},"45":{"start":{"line":143,"column":8},"end":{"line":147,"column":11},"skip":true},"46":{"start":{"line":144,"column":12},"end":{"line":146,"column":15},"skip":true},"47":{"start":{"line":145,"column":16},"end":{"line":145,"column":70},"skip":true},"48":{"start":{"line":149,"column":8},"end":{"line":149,"column":31},"skip":true},"49":{"start":{"line":150,"column":8},"end":{"line":150,"column":14},"skip":true},"50":{"start":{"line":158,"column":8},"end":{"line":158,"column":31},"skip":true},"51":{"start":{"line":160,"column":8},"end":{"line":160,"column":33},"skip":true},"52":{"start":{"line":161,"column":8},"end":{"line":161,"column":37},"skip":true},"53":{"start":{"line":162,"column":8},"end":{"line":162,"column":35},"skip":true},"54":{"start":{"line":164,"column":8},"end":{"line":164,"column":50},"skip":true},"55":{"start":{"line":166,"column":8},"end":{"line":256,"column":2},"skip":true},"56":{"start":{"line":258,"column":8},"end":{"line":286,"column":9},"skip":true},"57":{"start":{"line":259,"column":12},"end":{"line":269,"column":14},"skip":true},"58":{"start":{"line":271,"column":12},"end":{"line":285,"column":19},"skip":true},"59":{"start":{"line":274,"column":20},"end":{"line":274,"column":35},"skip":true},"60":{"start":{"line":275,"column":20},"end":{"line":284,"column":21},"skip":true},"61":{"start":{"line":277,"column":24},"end":{"line":277,"column":64},"skip":true},"62":{"start":{"line":279,"column":24},"end":{"line":279,"column":40},"skip":true},"63":{"start":{"line":281,"column":24},"end":{"line":281,"column":40},"skip":true},"64":{"start":{"line":283,"column":24},"end":{"line":283,"column":39},"skip":true},"65":{"start":{"line":288,"column":8},"end":{"line":290,"column":9},"skip":true},"66":{"start":{"line":289,"column":12},"end":{"line":289,"column":18},"skip":true},"67":{"start":{"line":291,"column":8},"end":{"line":293,"column":54},"skip":true},"68":{"start":{"line":294,"column":8},"end":{"line":301,"column":37},"skip":true},"69":{"start":{"line":302,"column":8},"end":{"line":302,"column":82},"skip":true},"70":{"start":{"line":305,"column":8},"end":{"line":307,"column":9},"skip":true},"71":{"start":{"line":306,"column":12},"end":{"line":306,"column":82},"skip":true},"72":{"start":{"line":309,"column":8},"end":{"line":311,"column":9},"skip":true},"73":{"start":{"line":310,"column":12},"end":{"line":310,"column":18},"skip":true},"74":{"start":{"line":312,"column":8},"end":{"line":312,"column":54},"skip":true},"75":{"start":{"line":313,"column":8},"end":{"line":313,"column":69},"skip":true},"76":{"start":{"line":314,"column":8},"end":{"line":322,"column":36},"skip":true},"77":{"start":{"line":315,"column":12},"end":{"line":315,"column":61},"skip":true},"78":{"start":{"line":316,"column":12},"end":{"line":319,"column":13},"skip":true},"79":{"start":{"line":317,"column":16},"end":{"line":317,"column":75},"skip":true},"80":{"start":{"line":318,"column":16},"end":{"line":318,"column":23},"skip":true},"81":{"start":{"line":320,"column":12},"end":{"line":320,"column":38},"skip":true},"82":{"start":{"line":321,"column":12},"end":{"line":321,"column":27},"skip":true},"83":{"start":{"line":323,"column":8},"end":{"line":323,"column":14},"skip":true}},"branchMap":{"1":{"line":39,"type":"binary-expr","locations":[{"start":{"line":39,"column":23},"end":{"line":39,"column":62}},{"start":{"line":40,"column":20},"end":{"line":40,"column":70}},{"start":{"line":41,"column":20},"end":{"line":41,"column":71}},{"start":{"line":42,"column":20},"end":{"line":42,"column":29}}]},"2":{"line":44,"type":"binary-expr","locations":[{"start":{"line":44,"column":23},"end":{"line":44,"column":37}},{"start":{"line":45,"column":20},"end":{"line":45,"column":61}},{"start":{"line":46,"column":20},"end":{"line":46,"column":70}},{"start":{"line":47,"column":20},"end":{"line":47,"column":26}}]},"3":{"line":51,"type":"cond-expr","locations":[{"start":{"line":52,"column":14},"end":{"line":52,"column":20}},{"start":{"line":53,"column":14},"end":{"line":53,"column":20}}]},"4":{"line":55,"type":"binary-expr","locations":[{"start":{"line":55,"column":16},"end":{"line":55,"column":44}},{"start":{"line":55,"column":49},"end":{"line":57,"column":43}}]},"5":{"line":55,"type":"cond-expr","locations":[{"start":{"line":56,"column":14},"end":{"line":56,"column":54}},{"start":{"line":57,"column":14},"end":{"line":57,"column":43}}]},"6":{"line":61,"type":"switch","locations":[{"start":{"line":68,"column":4},"end":{"line":150,"column":14},"skip":true},{"start":{"line":156,"column":4},"end":{"line":323,"column":14},"skip":true}]},"7":{"line":70,"type":"if","locations":[{"start":{"line":70,"column":12},"end":{"line":70,"column":12},"skip":true},{"start":{"line":70,"column":12},"end":{"line":70,"column":12},"skip":true}]},"8":{"line":70,"type":"binary-expr","locations":[{"start":{"line":70,"column":16},"end":{"line":70,"column":22},"skip":true},{"start":{"line":70,"column":27},"end":{"line":70,"column":32},"skip":true},{"start":{"line":71,"column":20},"end":{"line":71,"column":39},"skip":true},{"start":{"line":72,"column":20},"end":{"line":72,"column":49},"skip":true},{"start":{"line":73,"column":20},"end":{"line":73,"column":58},"skip":true},{"start":{"line":74,"column":20},"end":{"line":74,"column":69},"skip":true}]},"9":{"line":79,"type":"switch","locations":[{"start":{"line":80,"column":20},"end":{"line":80,"column":33},"skip":true},{"start":{"line":81,"column":20},"end":{"line":83,"column":30},"skip":true},{"start":{"line":84,"column":20},"end":{"line":85,"column":49},"skip":true}]},"10":{"line":89,"type":"switch","locations":[{"start":{"line":90,"column":12},"end":{"line":103,"column":22},"skip":true},{"start":{"line":105,"column":12},"end":{"line":106,"column":22},"skip":true}]},"11":{"line":89,"type":"binary-expr","locations":[{"start":{"line":89,"column":20},"end":{"line":89,"column":25},"skip":true},{"start":{"line":89,"column":29},"end":{"line":89,"column":48},"skip":true},{"start":{"line":89,"column":52},"end":{"line":89,"column":74},"skip":true}]},"12":{"line":92,"type":"if","locations":[{"start":{"line":92,"column":16},"end":{"line":92,"column":16},"skip":true},{"start":{"line":92,"column":16},"end":{"line":92,"column":16},"skip":true}]},"13":{"line":108,"type":"if","locations":[{"start":{"line":108,"column":12},"end":{"line":108,"column":12},"skip":true},{"start":{"line":108,"column":12},"end":{"line":108,"column":12},"skip":true}]},"14":{"line":108,"type":"binary-expr","locations":[{"start":{"line":108,"column":16},"end":{"line":108,"column":61},"skip":true},{"start":{"line":108,"column":66},"end":{"line":108,"column":72},"skip":true},{"start":{"line":108,"column":77},"end":{"line":108,"column":82},"skip":true},{"start":{"line":109,"column":20},"end":{"line":109,"column":39},"skip":true},{"start":{"line":110,"column":20},"end":{"line":110,"column":49},"skip":true},{"start":{"line":111,"column":20},"end":{"line":111,"column":58},"skip":true},{"start":{"line":112,"column":20},"end":{"line":112,"column":68},"skip":true}]},"15":{"line":129,"type":"if","locations":[{"start":{"line":129,"column":16},"end":{"line":129,"column":16},"skip":true},{"start":{"line":129,"column":16},"end":{"line":129,"column":16},"skip":true}]},"16":{"line":134,"type":"cond-expr","locations":[{"start":{"line":135,"column":26},"end":{"line":135,"column":29},"skip":true},{"start":{"line":136,"column":26},"end":{"line":136,"column":54},"skip":true}]},"17":{"line":164,"type":"binary-expr","locations":[{"start":{"line":164,"column":27},"end":{"line":164,"column":43},"skip":true},{"start":{"line":164,"column":47},"end":{"line":164,"column":49},"skip":true}]},"18":{"line":258,"type":"if","locations":[{"start":{"line":258,"column":8},"end":{"line":258,"column":8},"skip":true},{"start":{"line":258,"column":8},"end":{"line":258,"column":8},"skip":true}]},"19":{"line":275,"type":"switch","locations":[{"start":{"line":276,"column":20},"end":{"line":277,"column":64},"skip":true},{"start":{"line":278,"column":20},"end":{"line":279,"column":40},"skip":true},{"start":{"line":280,"column":20},"end":{"line":281,"column":40},"skip":true},{"start":{"line":282,"column":20},"end":{"line":283,"column":39},"skip":true}]},"20":{"line":288,"type":"if","locations":[{"start":{"line":288,"column":8},"end":{"line":288,"column":8},"skip":true},{"start":{"line":288,"column":8},"end":{"line":288,"column":8},"skip":true}]},"21":{"line":288,"type":"binary-expr","locations":[{"start":{"line":288,"column":12},"end":{"line":288,"column":40},"skip":true},{"start":{"line":288,"column":44},"end":{"line":288,"column":67},"skip":true}]},"22":{"line":292,"type":"binary-expr","locations":[{"start":{"line":292,"column":12},"end":{"line":292,"column":50},"skip":true},{"start":{"line":293,"column":12},"end":{"line":293,"column":53},"skip":true}]},"23":{"line":295,"type":"binary-expr","locations":[{"start":{"line":295,"column":12},"end":{"line":295,"column":68},"skip":true},{"start":{"line":296,"column":12},"end":{"line":301,"column":36},"skip":true}]},"24":{"line":302,"type":"binary-expr","locations":[{"start":{"line":302,"column":43},"end":{"line":302,"column":75},"skip":true},{"start":{"line":302,"column":79},"end":{"line":302,"column":81},"skip":true}]},"25":{"line":305,"type":"if","locations":[{"start":{"line":305,"column":8},"end":{"line":305,"column":8},"skip":true},{"start":{"line":305,"column":8},"end":{"line":305,"column":8},"skip":true}]},"26":{"line":309,"type":"if","locations":[{"start":{"line":309,"column":8},"end":{"line":309,"column":8},"skip":true},{"start":{"line":309,"column":8},"end":{"line":309,"column":8},"skip":true}]},"27":{"line":312,"type":"binary-expr","locations":[{"start":{"line":312,"column":27},"end":{"line":312,"column":43},"skip":true},{"start":{"line":312,"column":47},"end":{"line":312,"column":53},"skip":true}]},"28":{"line":316,"type":"if","locations":[{"start":{"line":316,"column":12},"end":{"line":316,"column":12},"skip":true},{"start":{"line":316,"column":12},"end":{"line":316,"column":12},"skip":true}]}},"code":["/*","example.js","","quickstart example","","instruction","    1. save this script as example.js","    2. run the shell command:","        $ npm install npmtest-svg-sprite && PORT=8081 node example.js","    3. play with the browser-demo on http://127.0.0.1:8081","*/","","","","/* istanbul instrument in package npmtest_svg_sprite */","/*jslint","    bitwise: true,","    browser: true,","    maxerr: 8,","    maxlen: 96,","    node: true,","    nomen: true,","    regexp: true,","    stupid: true","*/","(function () {","    'use strict';","    var local;","","","","    // run shared js-env code - pre-init","    (function () {","        // init local","        local = {};","        // init modeJs","        local.modeJs = (function () {","            try {","                return typeof navigator.userAgent === 'string' &&","                    typeof document.querySelector('body') === 'object' &&","                    typeof XMLHttpRequest.prototype.open === 'function' &&","                    'browser';","            } catch (errorCaughtBrowser) {","                return module.exports &&","                    typeof process.versions.node === 'string' &&","                    typeof require('http').createServer === 'function' &&","                    'node';","            }","        }());","        // init global","        local.global = local.modeJs === 'browser'","            ? window","            : global;","        // init utility2_rollup","        local = local.global.utility2_rollup || (local.modeJs === 'browser'","            ? local.global.utility2_npmtest_svg_sprite","            : global.utility2_moduleExports);","        // export local","        local.global.local = local;","    }());","    switch (local.modeJs) {","","","","    // post-init","    // run browser js-env code - post-init","    /* istanbul ignore next */","    case 'browser':","        local.testRunBrowser = function (event) {","            if (!event || (event &&","                    event.currentTarget &&","                    event.currentTarget.className &&","                    event.currentTarget.className.includes &&","                    event.currentTarget.className.includes('onreset'))) {","                // reset output","                Array.from(","                    document.querySelectorAll('body > .resettable')","                ).forEach(function (element) {","                    switch (element.tagName) {","                    case 'INPUT':","                    case 'TEXTAREA':","                        element.value = '';","                        break;","                    default:","                        element.textContent = '';","                    }","                });","            }","            switch (event && event.currentTarget && event.currentTarget.id) {","            case 'testRunButton1':","                // show tests","                if (document.querySelector('#testReportDiv1').style.display === 'none') {","                    document.querySelector('#testReportDiv1').style.display = 'block';","                    document.querySelector('#testRunButton1').textContent =","                        'hide internal test';","                    local.modeTest = true;","                    local.testRunDefault(local);","                // hide tests","                } else {","                    document.querySelector('#testReportDiv1').style.display = 'none';","                    document.querySelector('#testRunButton1').textContent = 'run internal test';","                }","                break;","            // custom-case","            default:","                break;","            }","            if (document.querySelector('#inputTextareaEval1') && (!event || (event &&","                    event.currentTarget &&","                    event.currentTarget.className &&","                    event.currentTarget.className.includes &&","                    event.currentTarget.className.includes('oneval')))) {","                // try to eval input-code","                try {","                    /*jslint evil: true*/","                    eval(document.querySelector('#inputTextareaEval1').value);","                } catch (errorCaught) {","                    console.error(errorCaught);","                }","            }","        };","        // log stderr and stdout to #outputTextareaStdout1","        ['error', 'log'].forEach(function (key) {","            console[key + '_original'] = console[key];","            console[key] = function () {","                var element;","                console[key + '_original'].apply(console, arguments);","                element = document.querySelector('#outputTextareaStdout1');","                if (!element) {","                    return;","                }","                // append text to #outputTextareaStdout1","                element.value += Array.from(arguments).map(function (arg) {","                    return typeof arg === 'string'","                        ? arg","                        : JSON.stringify(arg, null, 4);","                }).join(' ') + '\\n';","                // scroll textarea to bottom","                element.scrollTop = element.scrollHeight;","            };","        });","        // init event-handling","        ['change', 'click', 'keyup'].forEach(function (event) {","            Array.from(document.querySelectorAll('.on' + event)).forEach(function (element) {","                element.addEventListener(event, local.testRunBrowser);","            });","        });","        // run tests","        local.testRunBrowser();","        break;","","","","    // run node js-env code - post-init","    /* istanbul ignore next */","    case 'node':","        // export local","        module.exports = local;","        // require modules","        local.fs = require('fs');","        local.http = require('http');","        local.url = require('url');","        // init assets","        local.assetsDict = local.assetsDict || {};","        /* jslint-ignore-begin */","        local.assetsDict['/assets.index.template.html'] = '\\","<!doctype html>\\n\\","<html lang=\"en\">\\n\\","<head>\\n\\","<meta charset=\"UTF-8\">\\n\\","<meta name=\"viewport\" content=\"width=device-width, initial-scale=1\">\\n\\","<title>{{env.npm_package_name}} (v{{env.npm_package_version}})</title>\\n\\","<style>\\n\\","/*csslint\\n\\","    box-sizing: false,\\n\\","    universal-selector: false\\n\\","*/\\n\\","* {\\n\\","    box-sizing: border-box;\\n\\","}\\n\\","body {\\n\\","    background: #dde;\\n\\","    font-family: Arial, Helvetica, sans-serif;\\n\\","    margin: 2rem;\\n\\","}\\n\\","body > * {\\n\\","    margin-bottom: 1rem;\\n\\","}\\n\\",".utility2FooterDiv {\\n\\","    margin-top: 20px;\\n\\","    text-align: center;\\n\\","}\\n\\","</style>\\n\\","<style>\\n\\","/*csslint\\n\\","*/\\n\\","textarea {\\n\\","    font-family: monospace;\\n\\","    height: 10rem;\\n\\","    width: 100%;\\n\\","}\\n\\","textarea[readonly] {\\n\\","    background: #ddd;\\n\\","}\\n\\","</style>\\n\\","</head>\\n\\","<body>\\n\\","<!-- utility2-comment\\n\\","<div id=\"ajaxProgressDiv1\" style=\"background: #d00; height: 2px; left: 0; margin: 0; padding: 0; position: fixed; top: 0; transition: background 0.5s, width 1.5s; width: 25%;\"></div>\\n\\","utility2-comment -->\\n\\","<h1>\\n\\","<!-- utility2-comment\\n\\","    <a\\n\\","        {{#if env.npm_package_homepage}}\\n\\","        href=\"{{env.npm_package_homepage}}\"\\n\\","        {{/if env.npm_package_homepage}}\\n\\","        target=\"_blank\"\\n\\","    >\\n\\","utility2-comment -->\\n\\","        {{env.npm_package_name}} (v{{env.npm_package_version}})\\n\\","<!-- utility2-comment\\n\\","    </a>\\n\\","utility2-comment -->\\n\\","</h1>\\n\\","<h3>{{env.npm_package_description}}</h3>\\n\\","<!-- utility2-comment\\n\\","<h4><a download href=\"assets.app.js\">download standalone app</a></h4>\\n\\","<button class=\"onclick onreset\" id=\"testRunButton1\">run internal test</button><br>\\n\\","<div id=\"testReportDiv1\" style=\"display: none;\"></div>\\n\\","utility2-comment -->\\n\\","\\n\\","\\n\\","\\n\\","<label>stderr and stdout</label>\\n\\","<textarea class=\"resettable\" id=\"outputTextareaStdout1\" readonly></textarea>\\n\\","<!-- utility2-comment\\n\\","{{#if isRollup}}\\n\\","<script src=\"assets.app.js\"></script>\\n\\","{{#unless isRollup}}\\n\\","utility2-comment -->\\n\\","<script src=\"assets.utility2.rollup.js\"></script>\\n\\","<script src=\"jsonp.utility2._stateInit?callback=window.utility2._stateInit\"></script>\\n\\","<script src=\"assets.npmtest_svg_sprite.rollup.js\"></script>\\n\\","<script src=\"assets.example.js\"></script>\\n\\","<script src=\"assets.test.js\"></script>\\n\\","<!-- utility2-comment\\n\\","{{/if isRollup}}\\n\\","utility2-comment -->\\n\\","<div class=\"utility2FooterDiv\">\\n\\","    [ this app was created with\\n\\","    <a href=\"https://github.com/kaizhu256/node-utility2\" target=\"_blank\">utility2</a>\\n\\","    ]\\n\\","</div>\\n\\","</body>\\n\\","</html>\\n\\","';","        /* jslint-ignore-end */","        if (local.templateRender) {","            local.assetsDict['/'] = local.templateRender(","                local.assetsDict['/assets.index.template.html'],","                {","                    env: local.objectSetDefault(local.env, {","                        npm_package_description: 'the greatest app in the world!',","                        npm_package_name: 'my-app',","                        npm_package_nameAlias: 'my_app',","                        npm_package_version: '0.0.1'","                    })","                }","            );","        } else {","            local.assetsDict['/'] = local.assetsDict['/assets.index.template.html']","                .replace((/\\{\\{env\\.(\\w+?)\\}\\}/g), function (match0, match1) {","                    // jslint-hack","                    String(match0);","                    switch (match1) {","                    case 'npm_package_description':","                        return 'the greatest app in the world!';","                    case 'npm_package_name':","                        return 'my-app';","                    case 'npm_package_nameAlias':","                        return 'my_app';","                    case 'npm_package_version':","                        return '0.0.1';","                    }","                });","        }","        // run the cli","        if (local.global.utility2_rollup || module !== require.main) {","            break;","        }","        local.assetsDict['/assets.example.js'] =","            local.assetsDict['/assets.example.js'] ||","            local.fs.readFileSync(__filename, 'utf8');","        local.assetsDict['/assets.npmtest_svg_sprite.rollup.js'] =","            local.assetsDict['/assets.npmtest_svg_sprite.rollup.js'] ||","            local.fs.readFileSync(","                // buildCustomOrg-hack","                local.npmtest_svg_sprite.__dirname +","                    '/lib.npmtest_svg_sprite.js',","                'utf8'","            ).replace((/^#!/), '//');","        local.assetsDict['/favicon.ico'] = local.assetsDict['/favicon.ico'] || '';","        // if $npm_config_timeout_exit exists,","        // then exit this process after $npm_config_timeout_exit ms","        if (Number(process.env.npm_config_timeout_exit)) {","            setTimeout(process.exit, Number(process.env.npm_config_timeout_exit));","        }","        // start server","        if (local.global.utility2_serverHttp1) {","            break;","        }","        process.env.PORT = process.env.PORT || '8081';","        console.error('server starting on port ' + process.env.PORT);","        local.http.createServer(function (request, response) {","            request.urlParsed = local.url.parse(request.url);","            if (local.assetsDict[request.urlParsed.pathname] !== undefined) {","                response.end(local.assetsDict[request.urlParsed.pathname]);","                return;","            }","            response.statusCode = 404;","            response.end();","        }).listen(process.env.PORT);","        break;","    }","}());",""],"l":{"26":2,"28":2,"33":2,"35":2,"37":2,"38":2,"39":2,"44":1,"51":2,"55":2,"59":2,"61":2,"69":1,"70":2,"76":2,"79":2,"82":2,"83":2,"85":1,"89":2,"92":1,"93":1,"94":1,"96":1,"97":1,"100":1,"101":1,"103":1,"106":1,"108":2,"114":1,"116":1,"118":1,"123":1,"124":2,"125":2,"126":2,"127":2,"128":2,"129":2,"130":1,"133":2,"134":2,"139":2,"143":1,"144":3,"145":1,"149":1,"150":1,"158":1,"160":1,"161":1,"162":1,"164":1,"166":1,"258":1,"259":1,"271":1,"274":6,"275":6,"277":1,"279":2,"281":1,"283":2,"288":1,"289":1,"291":1,"294":1,"302":1,"305":1,"306":1,"309":1,"310":1,"312":1,"313":1,"314":1,"315":1,"316":1,"317":1,"318":1,"320":1,"321":1,"323":1}},"/home/travis/build/npmtest/node-npmtest-svg-sprite/node_modules/svg-sprite/lib/svg-sprite.js":{"path":"/home/travis/build/npmtest/node-npmtest-svg-sprite/node_modules/svg-sprite/lib/svg-sprite.js","s":{"1":1,"2":1,"3":1,"4":1,"5":1,"6":1,"7":1,"8":1,"9":1,"10":1,"11":1,"12":1,"13":1,"14":1,"15":0,"16":0,"17":0,"18":0,"19":0,"20":0,"21":0,"22":0,"23":0,"24":0,"25":0,"26":1,"27":1,"28":1,"29":1,"30":0,"31":0,"32":0,"33":0,"34":0,"35":0,"36":0,"37":0,"38":0,"39":0,"40":0,"41":0,"42":0,"43":0,"44":0,"45":0,"46":0,"47":0,"48":0,"49":0,"50":0,"51":0,"52":0,"53":0,"54":0,"55":0,"56":0,"57":1,"58":0,"59":0,"60":1,"61":0,"62":0,"63":0,"64":0,"65":0,"66":0,"67":0,"68":0,"69":0,"70":0,"71":0,"72":0,"73":0,"74":0,"75":1,"76":0,"77":0,"78":0,"79":0,"80":1,"81":0,"82":0,"83":0,"84":0,"85":0,"86":0,"87":0,"88":0,"89":0,"90":0,"91":0,"92":0,"93":0,"94":0,"95":0,"96":0,"97":0,"98":0,"99":0,"100":0,"101":0,"102":0,"103":0,"104":0,"105":0,"106":0,"107":0,"108":0,"109":0,"110":1,"111":0,"112":0,"113":0,"114":0,"115":0,"116":1,"117":0,"118":0,"119":0,"120":0,"121":0,"122":0,"123":0,"124":1,"125":0,"126":0,"127":1,"128":0,"129":0,"130":0,"131":0,"132":1,"133":0,"134":0,"135":1,"136":0,"137":0,"138":0,"139":0,"140":0,"141":0,"142":0,"143":0,"144":0,"145":0,"146":1,"147":0,"148":1,"149":0,"150":1,"151":0,"152":1,"153":0,"154":1,"155":0},"b":{"1":[0,0],"2":[0,0],"3":[0,0],"4":[0,0],"5":[0,0],"6":[0,0],"7":[0,0],"8":[0,0],"9":[0,0],"10":[0,0],"11":[0,0,0,0],"12":[0,0],"13":[0,0],"14":[0,0],"15":[0,0],"16":[0,0],"17":[0,0],"18":[0,0],"19":[0,0],"20":[0,0],"21":[0,0],"22":[0,0],"23":[0,0],"24":[0,0],"25":[0,0],"26":[0,0]},"f":{"1":0,"2":0,"3":0,"4":0,"5":0,"6":0,"7":0,"8":0,"9":0,"10":0,"11":0,"12":0,"13":0,"14":0,"15":0,"16":0,"17":0,"18":0,"19":0,"20":0,"21":0,"22":0,"23":0,"24":0,"25":0,"26":0,"27":0,"28":0,"29":0,"30":0,"31":0,"32":0,"33":0,"34":0},"fnMap":{"1":{"name":"SVGSpriter","line":32,"loc":{"start":{"line":32,"column":0},"end":{"line":32,"column":28}}},"2":{"name":"(anonymous_2)","line":79,"loc":{"start":{"line":79,"column":27},"end":{"line":79,"column":53}}},"3":{"name":"(anonymous_3)","line":146,"loc":{"start":{"line":146,"column":36},"end":{"line":146,"column":51}}},"4":{"name":"(anonymous_4)","line":147,"loc":{"start":{"line":147,"column":135},"end":{"line":147,"column":153}}},"5":{"name":"(anonymous_5)","line":156,"loc":{"start":{"line":156,"column":39},"end":{"line":156,"column":59}}},"6":{"name":"(anonymous_6)","line":159,"loc":{"start":{"line":159,"column":25},"end":{"line":159,"column":44}}},"7":{"name":"(anonymous_7)","line":163,"loc":{"start":{"line":163,"column":10},"end":{"line":163,"column":21}}},"8":{"name":"(anonymous_8)","line":169,"loc":{"start":{"line":169,"column":10},"end":{"line":169,"column":21}}},"9":{"name":"(anonymous_9)","line":189,"loc":{"start":{"line":189,"column":24},"end":{"line":189,"column":39}}},"10":{"name":"(anonymous_10)","line":200,"loc":{"start":{"line":200,"column":31},"end":{"line":200,"column":42}}},"11":{"name":"(anonymous_11)","line":203,"loc":{"start":{"line":203,"column":51},"end":{"line":203,"column":66}}},"12":{"name":"(anonymous_12)","line":213,"loc":{"start":{"line":213,"column":32},"end":{"line":213,"column":43}}},"13":{"name":"(anonymous_13)","line":235,"loc":{"start":{"line":235,"column":46},"end":{"line":235,"column":62}}},"14":{"name":"(anonymous_14)","line":248,"loc":{"start":{"line":248,"column":26},"end":{"line":248,"column":42}}},"15":{"name":"(anonymous_15)","line":248,"loc":{"start":{"line":248,"column":74},"end":{"line":248,"column":96}}},"16":{"name":"(anonymous_16)","line":252,"loc":{"start":{"line":252,"column":25},"end":{"line":252,"column":54}}},"17":{"name":"(anonymous_17)","line":259,"loc":{"start":{"line":259,"column":65},"end":{"line":259,"column":79}}},"18":{"name":"(anonymous_18)","line":278,"loc":{"start":{"line":278,"column":39},"end":{"line":278,"column":55}}},"19":{"name":"(anonymous_19)","line":293,"loc":{"start":{"line":293,"column":31},"end":{"line":293,"column":52}}},"20":{"name":"(anonymous_20)","line":297,"loc":{"start":{"line":297,"column":22},"end":{"line":297,"column":36}}},"21":{"name":"(anonymous_21)","line":298,"loc":{"start":{"line":298,"column":9},"end":{"line":298,"column":22}}},"22":{"name":"(anonymous_22)","line":307,"loc":{"start":{"line":307,"column":50},"end":{"line":307,"column":71}}},"23":{"name":"(anonymous_23)","line":318,"loc":{"start":{"line":318,"column":33},"end":{"line":318,"column":52}}},"24":{"name":"(anonymous_24)","line":326,"loc":{"start":{"line":326,"column":34},"end":{"line":326,"column":45}}},"25":{"name":"(anonymous_25)","line":343,"loc":{"start":{"line":343,"column":38},"end":{"line":343,"column":53}}},"26":{"name":"(anonymous_26)","line":344,"loc":{"start":{"line":344,"column":25},"end":{"line":344,"column":41}}},"27":{"name":"(anonymous_27)","line":358,"loc":{"start":{"line":358,"column":33},"end":{"line":358,"column":49}}},"28":{"name":"(anonymous_28)","line":369,"loc":{"start":{"line":369,"column":44},"end":{"line":369,"column":57}}},"29":{"name":"(anonymous_29)","line":373,"loc":{"start":{"line":373,"column":35},"end":{"line":373,"column":49}}},"30":{"name":"(anonymous_30)","line":381,"loc":{"start":{"line":381,"column":28},"end":{"line":381,"column":39}}},"31":{"name":"(anonymous_31)","line":388,"loc":{"start":{"line":388,"column":31},"end":{"line":388,"column":42}}},"32":{"name":"(anonymous_32)","line":395,"loc":{"start":{"line":395,"column":29},"end":{"line":395,"column":40}}},"33":{"name":"(anonymous_33)","line":402,"loc":{"start":{"line":402,"column":29},"end":{"line":402,"column":40}}},"34":{"name":"(anonymous_34)","line":412,"loc":{"start":{"line":412,"column":17},"end":{"line":412,"column":34}}}},"statementMap":{"1":{"start":{"line":13,"column":0},"end":{"line":13,"column":48}},"2":{"start":{"line":14,"column":0},"end":{"line":14,"column":46}},"3":{"start":{"line":15,"column":0},"end":{"line":15,"column":54}},"4":{"start":{"line":16,"column":0},"end":{"line":16,"column":51}},"5":{"start":{"line":17,"column":0},"end":{"line":17,"column":31}},"6":{"start":{"line":18,"column":0},"end":{"line":18,"column":40}},"7":{"start":{"line":19,"column":0},"end":{"line":19,"column":31}},"8":{"start":{"line":20,"column":0},"end":{"line":20,"column":32}},"9":{"start":{"line":21,"column":0},"end":{"line":21,"column":35}},"10":{"start":{"line":22,"column":0},"end":{"line":22,"column":33}},"11":{"start":{"line":23,"column":0},"end":{"line":23,"column":29}},"12":{"start":{"line":24,"column":0},"end":{"line":24,"column":39}},"13":{"start":{"line":25,"column":0},"end":{"line":25,"column":31}},"14":{"start":{"line":32,"column":0},"end":{"line":47,"column":1}},"15":{"start":{"line":33,"column":1},"end":{"line":33,"column":37}},"16":{"start":{"line":34,"column":1},"end":{"line":34,"column":34}},"17":{"start":{"line":35,"column":1},"end":{"line":35,"column":21}},"18":{"start":{"line":36,"column":1},"end":{"line":36,"column":40}},"19":{"start":{"line":37,"column":1},"end":{"line":37,"column":26}},"20":{"start":{"line":38,"column":1},"end":{"line":38,"column":24}},"21":{"start":{"line":40,"column":1},"end":{"line":40,"column":32}},"22":{"start":{"line":42,"column":1},"end":{"line":42,"column":51}},"23":{"start":{"line":43,"column":1},"end":{"line":43,"column":53}},"24":{"start":{"line":44,"column":1},"end":{"line":44,"column":47}},"25":{"start":{"line":46,"column":1},"end":{"line":46,"column":39}},"26":{"start":{"line":54,"column":0},"end":{"line":54,"column":68}},"27":{"start":{"line":61,"column":0},"end":{"line":61,"column":34}},"28":{"start":{"line":68,"column":0},"end":{"line":68,"column":40}},"29":{"start":{"line":79,"column":0},"end":{"line":136,"column":2}},"30":{"start":{"line":82,"column":1},"end":{"line":128,"column":2}},"31":{"start":{"line":83,"column":2},"end":{"line":83,"column":25}},"32":{"start":{"line":86,"column":2},"end":{"line":111,"column":3}},"33":{"start":{"line":87,"column":3},"end":{"line":87,"column":89}},"34":{"start":{"line":91,"column":3},"end":{"line":91,"column":77}},"35":{"start":{"line":92,"column":3},"end":{"line":92,"column":24}},"36":{"start":{"line":95,"column":3},"end":{"line":95,"column":21}},"37":{"start":{"line":96,"column":3},"end":{"line":98,"column":4}},"38":{"start":{"line":97,"column":4},"end":{"line":97,"column":60}},"39":{"start":{"line":99,"column":3},"end":{"line":101,"column":4}},"40":{"start":{"line":100,"column":4},"end":{"line":100,"column":89}},"41":{"start":{"line":102,"column":3},"end":{"line":104,"column":4}},"42":{"start":{"line":103,"column":4},"end":{"line":103,"column":89}},"43":{"start":{"line":105,"column":3},"end":{"line":107,"column":4}},"44":{"start":{"line":106,"column":4},"end":{"line":106,"column":61}},"45":{"start":{"line":108,"column":3},"end":{"line":110,"column":4}},"46":{"start":{"line":109,"column":4},"end":{"line":109,"column":91}},"47":{"start":{"line":114,"column":2},"end":{"line":120,"column":3}},"48":{"start":{"line":115,"column":3},"end":{"line":115,"column":30}},"49":{"start":{"line":116,"column":3},"end":{"line":116,"column":30}},"50":{"start":{"line":117,"column":3},"end":{"line":117,"column":26}},"51":{"start":{"line":118,"column":3},"end":{"line":118,"column":24}},"52":{"start":{"line":119,"column":3},"end":{"line":119,"column":11}},"53":{"start":{"line":123,"column":2},"end":{"line":127,"column":5}},"54":{"start":{"line":130,"column":1},"end":{"line":130,"column":39}},"55":{"start":{"line":133,"column":1},"end":{"line":133,"column":23}},"56":{"start":{"line":135,"column":1},"end":{"line":135,"column":13}},"57":{"start":{"line":146,"column":0},"end":{"line":148,"column":2}},"58":{"start":{"line":147,"column":1},"end":{"line":147,"column":205}},"59":{"start":{"line":147,"column":155},"end":{"line":147,"column":179}},"60":{"start":{"line":156,"column":0},"end":{"line":192,"column":2}},"61":{"start":{"line":157,"column":1},"end":{"line":178,"column":3}},"62":{"start":{"line":162,"column":2},"end":{"line":176,"column":3}},"63":{"start":{"line":163,"column":3},"end":{"line":165,"column":5}},"64":{"start":{"line":164,"column":4},"end":{"line":164,"column":63}},"65":{"start":{"line":168,"column":9},"end":{"line":176,"column":3}},"66":{"start":{"line":169,"column":3},"end":{"line":171,"column":5}},"67":{"start":{"line":170,"column":4},"end":{"line":170,"column":102}},"68":{"start":{"line":175,"column":3},"end":{"line":175,"column":15}},"69":{"start":{"line":181,"column":1},"end":{"line":187,"column":2}},"70":{"start":{"line":182,"column":2},"end":{"line":182,"column":65}},"71":{"start":{"line":184,"column":2},"end":{"line":186,"column":3}},"72":{"start":{"line":185,"column":3},"end":{"line":185,"column":20}},"73":{"start":{"line":189,"column":1},"end":{"line":191,"column":4}},"74":{"start":{"line":190,"column":2},"end":{"line":190,"column":12}},"75":{"start":{"line":200,"column":0},"end":{"line":208,"column":2}},"76":{"start":{"line":201,"column":1},"end":{"line":203,"column":83}},"77":{"start":{"line":203,"column":68},"end":{"line":203,"column":80}},"78":{"start":{"line":206,"column":1},"end":{"line":206,"column":39}},"79":{"start":{"line":207,"column":1},"end":{"line":207,"column":17}},"80":{"start":{"line":213,"column":0},"end":{"line":270,"column":2}},"81":{"start":{"line":216,"column":1},"end":{"line":269,"column":2}},"82":{"start":{"line":217,"column":2},"end":{"line":217,"column":22}},"83":{"start":{"line":218,"column":2},"end":{"line":218,"column":43}},"84":{"start":{"line":221,"column":2},"end":{"line":268,"column":3}},"85":{"start":{"line":222,"column":3},"end":{"line":222,"column":20}},"86":{"start":{"line":225,"column":3},"end":{"line":228,"column":4}},"87":{"start":{"line":226,"column":4},"end":{"line":226,"column":63}},"88":{"start":{"line":227,"column":4},"end":{"line":227,"column":77}},"89":{"start":{"line":230,"column":3},"end":{"line":230,"column":25}},"90":{"start":{"line":231,"column":3},"end":{"line":231,"column":28}},"91":{"start":{"line":235,"column":3},"end":{"line":235,"column":97}},"92":{"start":{"line":235,"column":64},"end":{"line":235,"column":86}},"93":{"start":{"line":236,"column":3},"end":{"line":236,"column":54}},"94":{"start":{"line":239,"column":3},"end":{"line":242,"column":4}},"95":{"start":{"line":240,"column":4},"end":{"line":240,"column":72}},"96":{"start":{"line":241,"column":4},"end":{"line":241,"column":45}},"97":{"start":{"line":245,"column":3},"end":{"line":245,"column":62}},"98":{"start":{"line":248,"column":3},"end":{"line":250,"column":12}},"99":{"start":{"line":248,"column":44},"end":{"line":248,"column":66}},"100":{"start":{"line":249,"column":4},"end":{"line":249,"column":52}},"101":{"start":{"line":252,"column":3},"end":{"line":267,"column":6}},"102":{"start":{"line":255,"column":4},"end":{"line":258,"column":5}},"103":{"start":{"line":256,"column":5},"end":{"line":256,"column":64}},"104":{"start":{"line":257,"column":5},"end":{"line":257,"column":78}},"105":{"start":{"line":259,"column":4},"end":{"line":261,"column":20}},"106":{"start":{"line":260,"column":5},"end":{"line":260,"column":29}},"107":{"start":{"line":263,"column":4},"end":{"line":263,"column":26}},"108":{"start":{"line":265,"column":4},"end":{"line":265,"column":32}},"109":{"start":{"line":266,"column":4},"end":{"line":266,"column":26}},"110":{"start":{"line":278,"column":0},"end":{"line":285,"column":2}},"111":{"start":{"line":279,"column":1},"end":{"line":283,"column":2}},"112":{"start":{"line":280,"column":2},"end":{"line":280,"column":53}},"113":{"start":{"line":281,"column":2},"end":{"line":281,"column":41}},"114":{"start":{"line":282,"column":2},"end":{"line":282,"column":41}},"115":{"start":{"line":284,"column":1},"end":{"line":284,"column":11}},"116":{"start":{"line":293,"column":0},"end":{"line":310,"column":2}},"117":{"start":{"line":294,"column":1},"end":{"line":301,"column":3}},"118":{"start":{"line":298,"column":2},"end":{"line":300,"column":4}},"119":{"start":{"line":299,"column":3},"end":{"line":299,"column":35}},"120":{"start":{"line":303,"column":1},"end":{"line":305,"column":2}},"121":{"start":{"line":304,"column":2},"end":{"line":304,"column":56}},"122":{"start":{"line":307,"column":1},"end":{"line":309,"column":4}},"123":{"start":{"line":308,"column":2},"end":{"line":308,"column":58}},"124":{"start":{"line":318,"column":0},"end":{"line":321,"column":2}},"125":{"start":{"line":319,"column":1},"end":{"line":319,"column":35}},"126":{"start":{"line":320,"column":1},"end":{"line":320,"column":19}},"127":{"start":{"line":326,"column":0},"end":{"line":335,"column":2}},"128":{"start":{"line":329,"column":1},"end":{"line":334,"column":2}},"129":{"start":{"line":330,"column":2},"end":{"line":333,"column":3}},"130":{"start":{"line":331,"column":3},"end":{"line":331,"column":39}},"131":{"start":{"line":332,"column":3},"end":{"line":332,"column":47}},"132":{"start":{"line":343,"column":0},"end":{"line":351,"column":2}},"133":{"start":{"line":344,"column":1},"end":{"line":350,"column":10}},"134":{"start":{"line":345,"column":2},"end":{"line":349,"column":5}},"135":{"start":{"line":358,"column":0},"end":{"line":376,"column":2}},"136":{"start":{"line":359,"column":1},"end":{"line":360,"column":16}},"137":{"start":{"line":361,"column":1},"end":{"line":368,"column":2}},"138":{"start":{"line":362,"column":2},"end":{"line":367,"column":3}},"139":{"start":{"line":363,"column":3},"end":{"line":364,"column":68}},"140":{"start":{"line":365,"column":3},"end":{"line":365,"column":38}},"141":{"start":{"line":366,"column":3},"end":{"line":366,"column":65}},"142":{"start":{"line":369,"column":1},"end":{"line":371,"column":16}},"143":{"start":{"line":370,"column":2},"end":{"line":370,"column":43}},"144":{"start":{"line":373,"column":1},"end":{"line":375,"column":10}},"145":{"start":{"line":374,"column":2},"end":{"line":374,"column":52}},"146":{"start":{"line":381,"column":0},"end":{"line":383,"column":2}},"147":{"start":{"line":382,"column":1},"end":{"line":382,"column":56}},"148":{"start":{"line":388,"column":0},"end":{"line":390,"column":2}},"149":{"start":{"line":389,"column":1},"end":{"line":389,"column":59}},"150":{"start":{"line":395,"column":0},"end":{"line":397,"column":2}},"151":{"start":{"line":396,"column":1},"end":{"line":396,"column":57}},"152":{"start":{"line":402,"column":0},"end":{"line":404,"column":2}},"153":{"start":{"line":403,"column":1},"end":{"line":403,"column":57}},"154":{"start":{"line":412,"column":0},"end":{"line":414,"column":2}},"155":{"start":{"line":413,"column":1},"end":{"line":413,"column":37}}},"branchMap":{"1":{"line":82,"type":"if","locations":[{"start":{"line":82,"column":1},"end":{"line":82,"column":1}},{"start":{"line":82,"column":1},"end":{"line":82,"column":1}}]},"2":{"line":86,"type":"if","locations":[{"start":{"line":86,"column":2},"end":{"line":86,"column":2}},{"start":{"line":86,"column":2},"end":{"line":86,"column":2}}]},"3":{"line":86,"type":"binary-expr","locations":[{"start":{"line":86,"column":6},"end":{"line":86,"column":10}},{"start":{"line":86,"column":14},"end":{"line":86,"column":35}}]},"4":{"line":91,"type":"binary-expr","locations":[{"start":{"line":91,"column":12},"end":{"line":91,"column":53}},{"start":{"line":91,"column":57},"end":{"line":91,"column":76}}]},"5":{"line":96,"type":"if","locations":[{"start":{"line":96,"column":3},"end":{"line":96,"column":3}},{"start":{"line":96,"column":3},"end":{"line":96,"column":3}}]},"6":{"line":99,"type":"if","locations":[{"start":{"line":99,"column":3},"end":{"line":99,"column":3}},{"start":{"line":99,"column":3},"end":{"line":99,"column":3}}]},"7":{"line":102,"type":"if","locations":[{"start":{"line":102,"column":3},"end":{"line":102,"column":3}},{"start":{"line":102,"column":3},"end":{"line":102,"column":3}}]},"8":{"line":105,"type":"if","locations":[{"start":{"line":105,"column":3},"end":{"line":105,"column":3}},{"start":{"line":105,"column":3},"end":{"line":105,"column":3}}]},"9":{"line":108,"type":"if","locations":[{"start":{"line":108,"column":3},"end":{"line":108,"column":3}},{"start":{"line":108,"column":3},"end":{"line":108,"column":3}}]},"10":{"line":114,"type":"if","locations":[{"start":{"line":114,"column":2},"end":{"line":114,"column":2}},{"start":{"line":114,"column":2},"end":{"line":114,"column":2}}]},"11":{"line":147,"type":"binary-expr","locations":[{"start":{"line":147,"column":8},"end":{"line":147,"column":24}},{"start":{"line":147,"column":30},"end":{"line":147,"column":50}},{"start":{"line":147,"column":57},"end":{"line":147,"column":89}},{"start":{"line":147,"column":95},"end":{"line":147,"column":201}}]},"12":{"line":162,"type":"if","locations":[{"start":{"line":162,"column":2},"end":{"line":162,"column":2}},{"start":{"line":162,"column":2},"end":{"line":162,"column":2}}]},"13":{"line":168,"type":"if","locations":[{"start":{"line":168,"column":9},"end":{"line":168,"column":9}},{"start":{"line":168,"column":9},"end":{"line":168,"column":9}}]},"14":{"line":168,"type":"binary-expr","locations":[{"start":{"line":168,"column":14},"end":{"line":168,"column":53}},{"start":{"line":168,"column":58},"end":{"line":168,"column":82}}]},"15":{"line":184,"type":"if","locations":[{"start":{"line":184,"column":2},"end":{"line":184,"column":2}},{"start":{"line":184,"column":2},"end":{"line":184,"column":2}}]},"16":{"line":202,"type":"cond-expr","locations":[{"start":{"line":202,"column":42},"end":{"line":202,"column":74}},{"start":{"line":202,"column":77},"end":{"line":202,"column":108}}]},"17":{"line":203,"type":"cond-expr","locations":[{"start":{"line":203,"column":36},"end":{"line":203,"column":48}},{"start":{"line":203,"column":51},"end":{"line":203,"column":82}}]},"18":{"line":216,"type":"if","locations":[{"start":{"line":216,"column":1},"end":{"line":216,"column":1}},{"start":{"line":216,"column":1},"end":{"line":216,"column":1}}]},"19":{"line":216,"type":"binary-expr","locations":[{"start":{"line":216,"column":5},"end":{"line":216,"column":24}},{"start":{"line":216,"column":28},"end":{"line":216,"column":53}}]},"20":{"line":221,"type":"if","locations":[{"start":{"line":221,"column":2},"end":{"line":221,"column":2}},{"start":{"line":221,"column":2},"end":{"line":221,"column":2}}]},"21":{"line":225,"type":"if","locations":[{"start":{"line":225,"column":3},"end":{"line":225,"column":3}},{"start":{"line":225,"column":3},"end":{"line":225,"column":3}}]},"22":{"line":239,"type":"binary-expr","locations":[{"start":{"line":239,"column":10},"end":{"line":239,"column":36}},{"start":{"line":239,"column":41},"end":{"line":239,"column":95}}]},"23":{"line":255,"type":"if","locations":[{"start":{"line":255,"column":4},"end":{"line":255,"column":4}},{"start":{"line":255,"column":4},"end":{"line":255,"column":4}}]},"24":{"line":329,"type":"if","locations":[{"start":{"line":329,"column":1},"end":{"line":329,"column":1}},{"start":{"line":329,"column":1},"end":{"line":329,"column":1}}]},"25":{"line":365,"type":"binary-expr","locations":[{"start":{"line":365,"column":18},"end":{"line":365,"column":27}},{"start":{"line":365,"column":31},"end":{"line":365,"column":32}}]},"26":{"line":413,"type":"binary-expr","locations":[{"start":{"line":413,"column":23},"end":{"line":413,"column":29}},{"start":{"line":413,"column":33},"end":{"line":413,"column":35}}]}},"code":["'use strict';","","/**"," * svg-sprite is a Node.js module for creating SVG sprites"," *"," * @see https://github.com/jkphl/svg-sprite"," *"," * @author Joschi Kuphal <joschi@kuphal.net> (https://github.com/jkphl)"," * @copyright © 2016 Joschi Kuphal"," * @license MIT https://raw.github.com/jkphl/svg-sprite/master/LICENSE.txt"," */","","var CONFIG\t\t\t\t\t= require('./svg-sprite/config');","var QUEUE\t\t\t\t\t= require('./svg-sprite/queue');","var SVGO\t\t\t\t\t= require('./svg-sprite/transform/svgo');","var LAYOUTER\t\t\t\t= require('./svg-sprite/layouter');","var _\t\t\t\t\t\t= require('lodash');","var pluck\t\t\t\t\t= require('lodash.pluck');","var path\t\t\t\t\t= require('path');","var File\t\t\t\t\t= require('vinyl');","var events\t\t\t\t\t= require('events');","var async\t\t\t\t\t= require('async');","var os \t\t\t\t\t\t= require('os');","var pretty\t\t\t\t\t= require('prettysize');","var util\t\t\t\t\t= require('util');","","/**"," * SVGSpriter class"," *"," * @param {Object} config\t\t\t\tConfiguration"," */","function SVGSpriter(config) {","\tthis.config\t\t\t\t= new CONFIG(config);","\tthis._queue\t\t\t\t= new QUEUE(this);","\tthis._shapes\t\t\t= [];","\tthis._shapeTransformers\t= {svgo: SVGO};","\tthis._compileQueue\t\t= [];","\tthis._shapesDest\t\t= [];","","\tevents.EventEmitter.call(this);","","\tthis._queue.on('empty', this._compile.bind(this));","\tthis._queue.on('empty', this._getShapes.bind(this));","\tthis.on('compiled', this._compile.bind(this));","","\tthis.info('Created spriter instance');","}","","/**"," * Prototype"," *"," * @type {Object}"," */","SVGSpriter.prototype = Object.create(events.EventEmitter.prototype);","","/**"," * SVG shapes making up the sprites"," *"," * @type {Array}"," */","SVGSpriter.prototype._shapes = [];","","/**"," * Namespace powers"," *"," * @type {Array}"," */","SVGSpriter.prototype._namespacePow = [];","","/**"," * Add an SVG shape to the sprites"," *"," * @param {File|String} file\t\t\tVinyl file object or absolute file path"," * @param {String} name\t\t\t\t\tName part of the file path"," * @param {String} svg\t\t\t\t\tSVG content"," * @return {SVGSpriter}\t\t\t\t\tSelf reference"," * @throws {Error}\t\t\t\t\t\tIn case an invalid file should be added"," */","SVGSpriter.prototype.add = function(file, name, svg) {","","\t// If no vinyl file object has been given","\tif (!this._isVinylFile(file)) {","\t\tfile\t\t\t\t= _.trim(file);","","\t\t// If the name part of the file path is absolute","\t\tif (name && path.isAbsolute(name)) {","\t\t\terror\t\t\t= util.format('SVGSpriter.add: \"%s\" is not a valid relative file name', name);","","\t\t// Else","\t\t} else {","\t\t\tname\t\t\t= _.trimStart(_.trim(name), path.sep + '.') || path.basename(file);","\t\t\tsvg\t\t\t\t= _.trim(svg);","","\t\t\t// Argument validation","\t\t\tvar error\t\t= null;","\t\t\tif (arguments.length < 3) {","\t\t\t\terror\t\t= 'SVGSpriter.add: You must provide 3 arguments';","\t\t\t}","\t\t\tif (!file.length) {","\t\t\t\terror\t\t= util.format('SVGSpriter.add: \"%s\" is not a valid absolute file name', file);","\t\t\t}","\t\t\tif (!name.length) {","\t\t\t\terror\t\t= util.format('SVGSpriter.add: \"%s\" is not a valid relative file name', name);","\t\t\t}","\t\t\tif (!svg.length) {","\t\t\t\terror\t\t= 'SVGSpriter.add: You must provide SVG contents';","\t\t\t}","\t\t\tif (file.substr(-name.length) !== name) {","\t\t\t\terror\t\t= util.format('SVGSpriter.add: \"%s\" is not the local part of \"%s\"', name, file);","\t\t\t}","\t\t}","","\t\t// In case of an error: Throw it!","\t\tif (error) {","\t\t\tvar e\t\t\t= new Error(error);","\t\t\te.name\t\t\t= 'ArgumentError';","\t\t\te.errno\t\t\t= 1419945903;","\t\t\tthis.error(error, e);","\t\t\tthrow e;","\t\t}","","\t\t// Instanciate a vinyl file","\t\tfile\t\t\t= new File({","\t\t\tbase\t\t: file.substring(0, file.length - name.length),","\t\t\tpath\t\t: file,","\t\t\tcontents\t: new Buffer(svg)","\t\t});","\t}","","\tfile.base\t\t\t= path.resolve(file.base);","","\t// Add the shape to the internal processing queue","\tthis._queue.add(file);","","\treturn this;","};","","/**"," * Duck-typing check for vinyl file objects"," *"," * This check is necessary as singletons don't work cross-module and `instanceof` fails in these situations."," *"," * @param {Mixed} file\t\t\t\t\tArbitrary parameter"," * @return {Boolean}\t\t\t\t\tParameter is a vinyl file object"," */","SVGSpriter.prototype._isVinylFile = function(file) {","\treturn _.isObject(file) && ((file instanceof File) || ((file.constructor.name === 'File') && (['path', 'contents', 'relative'].filter(function(property){ return property in this; }, file).length === 3)));","};","","/**"," * Transform a single shape"," *"," * @param {SVGShape} shape\t\t\t\tShape"," * @param {Function} cb\t\t\t\t\tCallback"," */","SVGSpriter.prototype._transformShape = function(shape, cb) {","\tvar tasks\t\t\t\t\t= [],","\tthat\t\t\t\t\t\t= this,","\tcreateTransformTask\t\t\t= function(transform){","","\t\t// If it's a custom transformer","\t\tif (_.isFunction(transform[1])) {","\t\t\treturn function() {","\t\t\t\ttransform[1](shape, that, arguments[arguments.length - 1]);","\t\t\t};","","\t\t// Else if it's a registered transformer","\t\t} else if ((transform[0] in that._shapeTransformers) && _.isObject(transform[1])) {","\t\t\treturn function() {","\t\t\t\tthat._shapeTransformers[transform[0]](shape, transform[1], that, arguments[arguments.length - 1]);","\t\t\t};","","\t\t// Else: Break","\t\t} else {","\t\t\treturn null;","\t\t}","","\t};","","\t// Run through all configured transforms","\tfor (var t = 0, task; t < this.config.shape.transform.length; ++t) {","\t\ttask\t\t\t\t\t= createTransformTask(this.config.shape.transform[t]);","","\t\tif (task) {","\t\t\ttasks.push(task);","\t\t}","\t}","","\tasync.waterfall(tasks, function(error){","\t\tcb(error);","\t});","};","","/**"," * Compile the sprite & additional resources"," *"," * @param {Object} config\t\t\t\tConfiguration"," * @param {Function} cb\t\t\t\t\tCallback"," */","SVGSpriter.prototype.compile = function() {","\tvar args\t\t\t\t\t= _.toArray(arguments),","\tconfig\t\t\t\t\t\t= _.isPlainObject(args[0]) ? this.config.filter(args.shift()) : _.clone(this.config.mode, true),","\tcb\t\t\t\t\t\t\t= _.isFunction(args[0]) ? args.shift() : function(error){ throw error; };","","\t// Schedule a compilation run","\tthis._compileQueue.push([config, cb]);","\tthis._compile();","};","","/**"," * Run the next compile task"," */","SVGSpriter.prototype._compile = function() {","","\t// If the shape queue is not currently active","\tif (!this._queue.active && this._compileQueue.length) {","\t\tvar that \t\t\t\t= this;","\t\tvar args\t\t\t\t= this._compileQueue.shift();","","\t\t// If this is a modeless run","\t\tif (args[0] === {}) {","\t\t\tvar files\t\t\t= {};","","\t\t\t// Add intermediate SVG files","\t\t\tif (that.config.shape.dest) {","\t\t\t\tfiles.shapes\t= that._getShapeFiles(that.config.shape.dest);","\t\t\t\tthat.verbose('Returning %d intermediate SVG files', files.shapes.length);","\t\t\t}","","\t\t\tthat._logStats(files);","\t\t\targs[1](null, files, {});","","\t\t// Else","\t\t} else {","\t\t\tvar masterShapes\t\t= _.reject(this._shapes, function(shape) { return !!shape.master; }).length;","\t\t\tthis.info('Compiling %d shapes ...', masterShapes);","","\t\t\t// Initialize the namespace powers","\t\t\twhile (!this._namespacePow.length || (Math.pow(26, this._namespacePow.length) < masterShapes)) {","\t\t\t\tthis._namespacePow.unshift(Math.pow(26, this._namespacePow.length));","\t\t\t\t_.invoke(this._shapes, 'resetNamespace');","\t\t\t}","","\t\t\t// Sort shapes by ID","\t\t\tthis._shapes\t\t\t= this._shapes.sort(this.config.shape.sort);","","\t\t\t// Set the shape namespaces on all master shapes","\t\t\t_.reject(this._shapes, function(shape) { return !!shape.master; }).map(function(shape, index){","\t\t\t\tshape.setNamespace(this._indexNamespace(index));","\t\t\t}, this);","","\t\t\tthis._layout(args[0], function(error, files, data) {","","\t\t\t\t// Add intermediate SVG files","\t\t\t\tif (that.config.shape.dest) {","\t\t\t\t\tfiles.shapes\t= that._getShapeFiles(that.config.shape.dest);","\t\t\t\t\tthat.verbose('Returning %d intermediate SVG files', files.shapes.length);","\t\t\t\t}","\t\t\t\tthat.info('Finished %s sprite compilation', _.keys(data).map(function(mode){","\t\t\t\t\treturn '«' + mode + '»';","\t\t\t\t}).join(' + '));","","\t\t\t\tthat._logStats(files);","","\t\t\t\targs[1](error, files, data);","\t\t\t\tthat.emit('compiled');","\t\t\t});","\t\t}","\t}","};","","/**"," * Return a unique namespace prefix for a shape index"," *"," * @param {Number} index\t\tShape index"," * @return {String}\t\t\t\tNamespace prefix"," */","SVGSpriter.prototype._indexNamespace = function(index) {","\tfor (var ns = '', n = 0, c; n < this._namespacePow.length; ++n) {","\t\tc\t\t\t\t\t\t= Math.floor(index / this._namespacePow[n]);","\t\tns\t\t\t\t\t\t+= String.fromCharCode(97 + c);","\t\tindex\t\t\t\t\t-= c * this._namespacePow[n];","\t}","\treturn ns;","};","","/**"," * Layout the sprites"," *"," * @param {Object} config\t\tLayout configuration"," * @param {Function} cb\t\t\tCallback"," */","SVGSpriter.prototype._layout = function(config, cb) {","\tvar tasks\t\t\t\t\t= [],","\tfiles\t\t\t\t\t\t= {},","\tlayout\t\t\t\t\t\t= new LAYOUTER(this, config),","\tcreateLayoutTask\t\t\t= function(k, m){","\t\treturn function(_cb){","\t\t\tlayout.layout(files, k, m, _cb);","\t\t};","\t};","","\tfor (var mode in config) {","\t\ttasks.push(createLayoutTask(mode, confi
[...]
opy.base + (this.state ? (this.config.id.pseudo + this.state) : '');","\t\tcopy.align\t\t\t\t= alignment[1];","\t\tcopy.master\t\t\t\t= this;","\t\tcopies.push(copy);","\t}, this);","","\tthis.copies\t\t\t\t\t= alignments.length;","\treturn copies;","};","","/**"," * Module export (constructor wrapper)"," *"," * @param {String} svg\t\t\tSVG content"," * @param {String} name\t\t\tName part or the file path"," * @param {String} file\t\t\tAbsolute file path"," * @param {Object} config\t\tSVG shape configuration"," * @return {SVGShape}\t\t\tSVGShape instance"," */","module.exports = function(svg, name, file, config) {","\treturn new SVGShape(svg, name, file, config || {});","};",""],"l":{"13":1,"41":1,"42":0,"44":1,"145":1,"146":0,"147":0,"148":0,"149":0,"150":0,"152":0,"153":0,"156":0,"157":0,"158":0,"159":0,"160":0,"161":0,"162":0,"163":0,"164":0,"167":0,"168":0,"169":0,"172":0,"175":0,"177":0,"178":0,"180":0,"188":1,"195":1,"202":1,"209":1,"216":1,"217":0,"227":1,"228":0,"229":0,"232":0,"233":0,"234":0,"235":0,"239":0,"240":0,"241":0,"242":0,"246":0,"247":0,"248":0,"252":0,"262":1,"263":0,"266":0,"267":0,"268":0,"272":0,"276":0,"277":0,"281":0,"282":0,"286":0,"289":0,"290":0,"294":0,"295":0,"299":0,"308":1,"309":0,"310":0,"311":0,"319":1,"322":0,"323":0,"324":0,"325":0,"326":0,"327":0,"331":0,"332":0,"333":0,"334":0,"335":0,"336":0,"337":0,"338":0,"339":0,"340":0,"341":0,"344":0,"345":0,"346":0,"347":0,"349":0,"353":0,"356":0,"357":0,"358":0,"359":0,"364":0,"365":0,"368":0,"369":0,"372":0,"373":0,"374":0,"375":0,"376":0,"378":0,"379":0,"381":0,"383":0,"386":0,"388":0,"389":0,"390":0,"391":0,"396":0,"404":1,"405":0,"415":1,"416":0,"417":0,"418":0,"419":0,"420":0,"430":1,"431":0,"432":0,"434":0,"446":1,"447":0,"448":0,"449":0,"450":0,"453":0,"455":0,"456":0,"464":1,"465":0,"466":0,"480":0,"481":0,"490":1,"491":0,"492":0,"494":0,"503":1,"506":0,"507":0,"508":0,"512":0,"513":0,"514":0,"515":0,"516":0,"517":0,"518":0,"519":0,"520":0,"521":0,"522":0,"523":0,"525":0,"529":0,"539":1,"540":0,"548":1,"551":0,"553":0,"561":0,"562":0,"564":0,"565":0,"566":0,"570":0,"571":0,"573":0,"574":0,"575":0,"576":0,"579":0,"580":0,"581":0,"583":0,"591":1,"592":0,"593":0,"596":0,"597":0,"598":0,"599":0,"600":0,"601":0,"604":0,"606":0,"614":1,"615":0,"618":0,"619":0,"620":0,"622":0,"623":0,"624":0,"628":0,"629":0,"630":0,"632":0,"633":0,"634":0,"637":0,"638":0,"639":0,"640":0,"643":0,"651":1,"652":0,"653":0,"654":0,"657":0,"658":0,"659":0,"660":0,"661":0,"664":0,"665":0,"666":0,"669":0,"672":0,"673":0,"674":0,"676":0,"677":0,"681":0,"682":0,"683":0,"684":0,"689":0,"690":0,"691":0,"696":0,"697":0,"698":0,"704":0,"707":0,"708":0,"709":0,"710":0,"711":0,"713":0,"714":0,"715":0,"717":0,"722":0,"723":0,"724":0,"725":0,"726":0,"730":0,"737":1,"738":0,"739":0,"740":0,"753":1,"756":0,"757":0,"758":0,"762":0,"774":1,"775":0,"777":0,"778":0,"781":0,"784":0,"785":0,"788":0,"789":0,"794":0,"795":0,"796":0,"797":0,"798":0,"799":0,"800":0,"803":0,"805":0,"806":0,"810":0,"811":0,"816":0,"817":0,"821":0,"822":0,"823":0,"827":0,"828":0,"829":0,"831":0,"832":0,"837":0,"838":0,"839":0,"840":0,"842":0,"843":0,"848":0,"852":0,"860":1,"861":0,"865":0,"866":0,"867":0,"868":0,"871":0,"872":0,"873":0,"874":0,"875":0,"876":0,"877":0,"880":0,"881":0,"893":1,"894":0}},"/home/travis/build/npmtest/node-npmtest-svg-sprite/node_modules/svg-sprite/lib/svg-sprite/transform/svgo.js":{"path":"/home/travis/build/npmtest/node-npmtest-svg-sprite/node_modules/svg-sprite/lib/svg-sprite/transform/svgo.js","s":{"1":1,"2":1,"3":0,"4":0,"5":0,"6":0,"7":0,"8":0,"9":0,"10":0,"11":0,"12":0,"13":0,"14":0,"15":0,"16":0},"b":{"1":[0,0],"2":[0,0]},"f":{"1":0,"2":0},"fnMap":{"1":{"name":"(anonymous_1)","line":56,"loc":{"start":{"line":56,"column":17},"end":{"line":56,"column":54}}},"2":{"name":"(anonymous_2)","line":67,"loc":{"start":{"line":67,"column":29},"end":{"line":67,"column":46}}}},"statementMap":{"1":{"start":{"line":13,"column":0},"end":{"line":46,"column":2}},"2":{"start":{"line":56,"column":0},"end":{"line":81,"column":2}},"3":{"start":{"line":57,"column":1},"end":{"line":57,"column":36}},"4":{"start":{"line":58,"column":1},"end":{"line":58,"column":111}},"5":{"start":{"line":59,"column":1},"end":{"line":59,"column":79}},"6":{"start":{"line":60,"column":1},"end":{"line":60,"column":79}},"7":{"start":{"line":62,"column":1},"end":{"line":64,"column":37}},"8":{"start":{"line":66,"column":1},"end":{"line":80,"column":2}},"9":{"start":{"line":67,"column":2},"end":{"line":76,"column":5}},"10":{"start":{"line":68,"column":3},"end":{"line":68,"column":29}},"11":{"start":{"line":70,"column":3},"end":{"line":73,"column":4}},"12":{"start":{"line":71,"column":4},"end":{"line":71,"column":50}},"13":{"start":{"line":72,"column":4},"end":{"line":72,"column":168}},"14":{"start":{"line":75,"column":3},"end":{"line":75,"column":12}},"15":{"start":{"line":78,"column":2},"end":{"line":78,"column":87}},"16":{"start":{"line":79,"column":2},"end":{"line":79,"column":12}}},"branchMap":{"1":{"line":58,"type":"cond-expr","locations":[{"start":{"line":58,"column":46},"end":{"line":58,"column":88}},{"start":{"line":58,"column":91},"end":{"line":58,"column":110}}]},"2":{"line":70,"type":"if","locations":[{"start":{"line":70,"column":3},"end":{"line":70,"column":3}},{"start":{"line":70,"column":3},"end":{"line":70,"column":3}}]}},"code":["'use strict';","","/**"," * svg-sprite is a Node.js module for creating SVG sprites"," *"," * @see https://github.com/jkphl/svg-sprite"," *"," * @author Joschi Kuphal <joschi@kuphal.net> (https://github.com/jkphl)"," * @copyright © 2015 Joschi Kuphal"," * @license MIT https://raw.github.com/jkphl/svg-sprite/master/LICENSE"," */","","var SVGO\t\t\t\t\t\t\t= require('svgo'),","_\t\t\t\t\t\t\t\t\t= require('lodash'),","pretty\t\t\t\t\t\t\t\t= require('prettysize'),","defaultPluginConfig\t\t\t\t\t= [","//\t{cleanupAttrs\t\t\t\t\t: true}, // cleanup attributes from newlines, trailing and repeating spaces","//\t{removeDoctype\t\t\t\t\t: true}, // remove doctype declaration","//\t{removeXMLProcInst\t\t\t\t: true}, // remove XML processing instructions","//\t{removeComments\t\t\t\t\t: true}, // remove comments","//\t{removeMetadata\t\t\t\t\t: true}, // remove `<metadata>`","//\t{removeTitle\t\t\t\t\t: true}, // remove `<title>`","//\t{removeEditorsNSData\t\t\t: true}, // remove editors namespaces, elements and attributes","//\t{removeEmptyAttrs\t\t\t\t: true}, // remove empty attributes","//\t{removeHiddenElems\t\t\t\t: true}, // remove hidden elements","//\t{removeEmptyText\t\t\t\t: true}, // remove empty Text elements","//\t{removeEmptyContainers\t\t\t: true}, // remove empty Container elements","\t{removeViewBox\t\t\t\t\t: false}, // remove `viewBox` attribute when possible","//\t{cleanupEnableBackground\t\t: true}, // remove or cleanup `enable-background` attribute when possible","//\t{convertStyleToAttrs\t\t\t: true}, // convert styles into attributes","//\t{convertColors\t\t\t\t\t: true}, // convert colors (from `rgb()` to `#rrggbb`, from `#rrggbb` to `#rgb`)","//\t{convertPathData\t\t\t\t: true}, // convert Path data to relative, convert one segment to another, trim useless delimiters and much more","//\t{convertTransform\t\t\t\t: true}, // collapse multiple transforms into one, convert matrices to the short aliases and much more","//\t{removeUnknownsAndDefaults\t\t: true}, // remove unknown elements content and attributes, remove attrs with default values","//\t{removeNonInheritableGroupAttrs\t: true}, // remove non-inheritable group's \"presentation\" attributes","//\t{removeUnusedNS\t\t\t\t\t: true}, // remove unused namespaces declaration","//\t{cleanupIDs\t\t\t\t\t\t: true}, // remove unused and minify used IDs","//\t{cleanupNumericValues\t\t\t: true}, // round numeric values to the fixed precision, remove default 'px' units","//\t{moveElemsAttrsToGroup\t\t\t: true}, // move elements attributes to the existing group wrapper","\t{moveGroupAttrsToElems\t\t\t: false} // move some group attributes to the content elements","//\t{collapseGroups\t\t\t\t\t: true}, // collapse useless groups","//\t{removeRasterImages\t\t\t\t: false}, // remove raster images (disabled by default)","//\t{mergePaths\t\t\t\t\t\t: true}, // merge multiple Paths into one","//\t{convertShapeToPath\t\t\t\t: true}, // convert some basic shapes to path","//\t{transformsWithOnePath\t\t\t: true}, // apply transforms, crop by real width, center vertical alignment and resize SVG with one Path inside","];","","/**"," * SVGO transformation"," *"," * @param {SVGShape} shape\t\t\t\tSVG shape"," * @param {Object} config\t\t\t\tTransform configuration"," * @param {SVGSpriter} spriter\t\t\tSpriter instance"," * @param {Function} cb\t\t\t\t\tCallback"," */","module.exports = function(shape, config, spriter, cb) {","\tconfig\t\t\t\t\t\t\t= _.cloneDeep(config);","\tconfig.plugins\t\t\t\t\t= ('plugins' in config) ? defaultPluginConfig.concat(config.plugins) : defaultPluginConfig;","\tconfig.plugins.push({removeXMLProcInst: !!spriter.config.svg.xmlDeclaration});","\tconfig.plugins.push({removeDoctype: !!spriter.config.svg.doctypeDeclaration});","","\tvar svg\t\t\t\t\t\t\t= shape.getSVG(false),","\tsvgLength\t\t\t\t\t\t= svg.length,","\tsvgoInstance\t\t\t\t\t= new SVGO(config);","","\ttry {","\t\tsvgoInstance.optimize(svg, function(result) {","\t\t\tshape.setSVG(result.data);","","\t\t\tif (spriter.config.log.transports.console.level === 'debug') {","\t\t\t\tvar optSVGLength\t= shape.getSVG(false).length;","\t\t\t\tspriter.debug('Optimized \"%s\" with SVGO (saved %s / %s%%)', shape.name, pretty(svgLength - optSVGLength), Math.round(100 * (svgLength - optSVGLength) / svgLength));","\t\t\t}","","\t\t\tcb(null);","\t\t});","\t} catch (error) {","\t\tspriter.error('Optimizing \"%s\" with SVGO failed with error \"%s\"', shape.name, error);","\t\tcb(error);","\t}","};",""],"l":{"13":1,"56":1,"57":0,"58":0,"59":0,"60":0,"62":0,"66":0,"67":0,"68":0,"70":0,"71":0,"72":0,"75":0,"78":0,"79":0}},"/home/travis/build/npmtest/node-npmtest-svg-sprite/node_modules/svg-sprite/lib/svg-sprite/layouter.js":{"path":"/home/travis/build/npmtest/node-npmtest-svg-sprite/node_modules/svg-sprite/lib/svg-sprite/layouter.js","s":{"1":1,"2":0,"3":0,"4":0,"5":0,"6":0,"7":0,"8":0,"9":1,"10":0,"11":0,"12":0,"13":0,"14":0,"15":0,"16":0,"17":0,"18":0,"19":0,"20":1,"21":1,"22":0,"23":0,"24":0,"25":0,"26":1},"b":{"1":[0,0],"2":[0,0],"3":[0,0]},"f":{"1":0,"2":0,"3":0,"4":0,"5":0,"6":0,"7":0,"8":0,"9":0},"fnMap":{"1":{"name":"(anonymous_1)","line":64,"loc":{"start":{"line":64,"column":38},"end":{"line":64,"column":49}}},"2":{"name":"(anonymous_2)","line":65,"loc":{"start":{"line":65,"column":15},"end":{"line":65,"column":37}}},"3":{"name":"(anonymous_3)","line":69,"loc":{"start":{"line":69,"column":38},"end":{"line":69,"column":49}}},"4":{"name":"(anonymous_4)","line":70,"loc":{"start":{"line":70,"column":15},"end":{"line":70,"column":37}}},"5":{"name":"(anonymous_5)","line":75,"loc":{"start":{"line":75,"column":38},"end":{"line":75,"column":49}}},"6":{"name":"(anonymous_6)","line":76,"loc":{"start":{"line":76,"column":15},"end":{"line":76,"column":37}}},"7":{"name":"SVGSpriteLayouter","line":88,"loc":{"start":{"line":88,"column":0},"end":{"line":88,"column":44}}},"8":{"name":"(anonymous_8)","line":97,"loc":{"start":{"line":97,"column":34},"end":{"line":97,"column":57}}},"9":{"name":"(anonymous_9)","line":136,"loc":{"start":{"line":136,"column":37},"end":{"line":136,"column":68}}}},"statementMap":{"1":{"start":{"line":13,"column":0},"end":{"line":80,"column":2}},"2":{"start":{"line":65,"column":8},"end":{"line":67,"column":10}},"3":{"start":{"line":66,"column":12},"end":{"line":66,"column":48}},"4":{"start":{"line":70,"column":8},"end":{"line":73,"column":10}},"5":{"start":{"line":71,"column":9},"end":{"line":71,"column":77}},"6":{"start":{"line":72,"column":9},"end":{"line":72,"column":81}},"7":{"start":{"line":76,"column":8},"end":{"line":78,"column":10}},"8":{"start":{"line":77,"column":12},"end":{"line":77,"column":56}},"9":{"start":{"line":88,"column":0},"end":{"line":119,"column":1}},"10":{"start":{"line":89,"column":4},"end":{"line":89,"column":46}},"11":{"start":{"line":90,"column":4},"end":{"line":90,"column":45}},"12":{"start":{"line":91,"column":4},"end":{"line":91,"column":43}},"13":{"start":{"line":92,"column":4},"end":{"line":92,"column":41}},"14":{"start":{"line":93,"column":4},"end":{"line":93,"column":41}},"15":{"start":{"line":94,"column":4},"end":{"line":94,"column":111}},"16":{"start":{"line":97,"column":4},"end":{"line":116,"column":13}},"17":{"start":{"line":98,"column":8},"end":{"line":99,"column":67}},"18":{"start":{"line":101,"column":8},"end":{"line":115,"column":11}},"19":{"start":{"line":118,"column":4},"end":{"line":118,"column":53}},"20":{"start":{"line":126,"column":0},"end":{"line":126,"column":33}},"21":{"start":{"line":136,"column":0},"end":{"line":144,"column":2}},"22":{"start":{"line":137,"column":1},"end":{"line":137,"column":69}},"23":{"start":{"line":138,"column":1},"end":{"line":141,"column":92}},"24":{"start":{"line":142,"column":4},"end":{"line":142,"column":25}},"25":{"start":{"line":143,"column":4},"end":{"line":143,"column":34}},"26":{"start":{"line":153,"column":0},"end":{"line":153,"column":35}}},"branchMap":{"1":{"line":72,"type":"cond-expr","locations":[{"start":{"line":72,"column":49},"end":{"line":72,"column":68}},{"start":{"line":72,"column":71},"end":{"line":72,"column":80}}]},"2":{"line":104,"type":"cond-expr","locations":[{"start":{"line":104,"column":53},"end":{"line":104,"column":68}},{"start":{"line":104,"column":71},"end":{"line":104,"column":75}}]},"3":{"line":139,"type":"binary-expr","locations":[{"start":{"line":139,"column":124},"end":{"line":139,"column":140}},{"start":{"line":139,"column":144},"end":{"line":139,"column":146}}]}},"code":["'use strict';","","/**"," * svg-sprite is a Node.js module for creating SVG sprites"," *"," * @see https://github.com/jkphl/svg-sprite"," *"," * @author Joschi Kuphal <joschi@kuphal.net> (https://github.com/jkphl)"," * @copyright © 2016 Joschi Kuphal"," * @license MIT https://raw.github.com/jkphl/svg-sprite/master/LICENSE"," */","","var _                               = require('lodash'),","defaultConfig                       = {","    css                             : {","        dest                        : 'css',","        layout                      : 'packed',","        common                      : null,","        mixin\t\t\t\t\t\t: null,","        prefix                      : '.svg-%s',","        dimensions                  : '-dims',","        sprite                      : 'svg/sprite.css.svg',","        bust\t\t\t\t\t\t: true","    },","    view                            : {","        dest                        : 'view',","        layout                      : 'packed',","        common                      : null,","        mixin\t\t\t\t\t\t: null,","        prefix                      : '.svg-%s',","        dimensions                  : '-dims',","        sprite                      : 'svg/sprite.view.svg',","        bust\t\t\t\t\t\t: true","    },","    defs                            : {","        dest                        : 'defs',","        prefix                      : '.svg-%s',","        dimensions                  : '-dims',","        sprite                      : 'svg/sprite.defs.svg',","        inline\t\t\t\t\t\t: false,","        example\t\t\t\t\t\t: false,","        bust\t\t\t\t\t\t: false","    },","    symbol                          : {","        dest                        : 'symbol',","        prefix                      : '.svg-%s',","        dimensions                  : '-dims',","        sprite                      : 'svg/sprite.symbol.svg',","        inline\t\t\t\t\t\t: false,","        example\t\t\t\t\t\t: false,","        bust\t\t\t\t\t\t: false","    },","    stack\t\t\t\t\t\t\t: {","        dest                        : 'stack',","        prefix                      : '.svg-%s',","        dimensions                  : '-dims',","        sprite                      : 'svg/sprite.stack.svg',","        example\t\t\t\t\t\t: false,","        bust\t\t\t\t\t\t: false","    }","},","defaultVariables                    = {","    date                            : (new Date()).toGMTString(),","    invert                          : function() {","        return function(num, render) {","            return -parseFloat(render(num), 10);","        };","    },","    classname                       : function() {","        return function(str, render) {","        \tvar classname\t\t\t= render(str).replace(/\\s+/g, ' ').split(' ').pop();","        \treturn (classname.indexOf('.') === 0) ? classname.substr(1) : classname;","        };","    },","    escape                          : function() {","        return function(str, render) {","            return render(str).split('\\\\').join('\\\\\\\\');","        };","    }","};","","/**"," * SVGSprite layouter"," *"," * @param {SVGSpriter} spriter\t\tSVG spriter"," * @param {Object} config\t\t\tLayout configuration"," */","function SVGSpriteLayouter(spriter, config) {","    this._spriter                   = spriter;","    this.config                     = config;","    this.mode                       = null;","    this.files                      = {};","    this.data                       = {};","    this._commonData                = _.extend({shapes: []}, defaultVariables, this._spriter.config.variables);","","    // Register the common shapes data","    this._spriter._shapes.forEach(function(shape, index) {","        var dimensions              = shape.getDimensions(),","        padding                     = shape.config.spacing.padding;","","        this._commonData.shapes.push({","            name                    : shape.id,","            base                    : shape.base,","            master                  : shape.master ? shape.master.id : null,","            width                   : {","                inner               : dimensions.width - padding.right - padding.left,","                outer               : dimensions.width","            },","            height                  : {","                inner               : dimensions.height - padding.top - padding.bottom,","                outer               : dimensions.height","            },","            first                   : !index,","            last                    : (index === (this._spriter._shapes.length - 1))","        });","    }, this);","","    this._spriter.debug('Created layouter instance');","}","","/**"," * Prototype"," *"," * @type {Object}"," */","SVGSpriteLayouter.prototype = {};","","/**"," * Layout as a sprite"," *"," * @param {Object} files            Files"," * @param {String} key\t\t\t\tResult key"," * @param {String} mode\t\t\t\tMode"," * @param {Function} cb             Callback"," */","SVGSpriteLayouter.prototype.layout = function(files, key, mode, cb) {","\tthis._spriter.info('Laying out «%s» sprite («%s» mode)', key, mode);","\tvar SVGSpriteLayout\t\t\t\t= require('./mode/' + mode),","    config                          = _.merge(_.merge(_.clone(defaultConfig[mode], true), {svg: this._spriter.config.svg}), this.config[key] || {}),","    data                            = _.merge(_.merge(_.merge({}, this._commonData), this._spriter.config.variables), config.variables),","    sprite                          = new SVGSpriteLayout(this._spriter, config, data, key);","    files[key]\t\t\t\t\t\t= {};","    sprite.layout(files[key], cb);","};","","/**"," * Module export (constructor wrapper)"," *"," * @param {SVGSpriter} spriter\t\tSVG spriter"," * @param {Object} config\t\t\tLayout configuration"," * @return {SVGSpriteLayouter}\t\tSVGSpriter Layouter"," */","module.exports = SVGSpriteLayouter;",""],"l":{"13":1,"65":0,"66":0,"70":0,"71":0,"72":0,"76":0,"77":0,"88":1,"89":0,"90":0,"91":0,"92":0,"93":0,"94":0,"97":0,"98":0,"101":0,"118":0,"126":1,"136":1,"137":0,"138":0,"142":0,"143":0,"153":1}}}